******************************************************
2022-06-11 19:35:22,474 - INFO - logger - Path for logging: results/scenario_v0.3.0_2022-06-11--19-35-22/oemof.log
2022-06-11 19:35:26,768 - INFO - create_energy_system - 	 Spreadsheet scenario successfully imported.
2022-06-11 19:35:28,132 - INFO - create_energy_system - Date time index successfully defined:
 start date:          2012-01-01 00:00:00,
 end date:            2012-01-18 23:00:00,
 temporal resolution: h
2022-06-11 19:35:28,132 - INFO - create_objects -    Bus created: ID_electricity_bus
2022-06-11 19:35:28,133 - INFO - create_objects -    Bus created: ID_heat_bus
2022-06-11 19:35:28,134 - INFO - create_objects -    Bus created: ID_gas_bus
2022-06-11 19:35:28,134 - INFO - create_objects -    Bus created: ID_cooling_bus
2022-06-11 19:35:28,134 - INFO - create_objects -    Bus created: ID_pv_bus
2022-06-11 19:35:28,135 - INFO - create_objects -    Bus created: ID_hp_electricity_bus
2022-06-11 19:35:28,135 - INFO - create_objects -    Bus created: district_chp_electricity_bus
2022-06-11 19:35:28,136 - INFO - create_objects -    Bus created: district_gas_bus
2022-06-11 19:35:28,136 - INFO - create_objects -    Bus created: district_heat_bus
2022-06-11 19:35:28,141 - INFO - create_objects -    Link created: ID_pv_to_ID_electricity_link
2022-06-11 19:35:28,142 - INFO - create_objects -    Sink created: ID_electricity_sink
2022-06-11 19:35:28,143 - INFO - create_objects -    Link created: ID_electricity_to_ID_hp_electricity_bus
2022-06-11 19:35:28,143 - INFO - create_objects -    Storage created: ID_battery_storage
2022-06-11 19:35:28,144 - INFO - create_objects -    Transformer created: ID_gasheating_transformer
2022-06-11 19:35:28,153 - INFO - create_objects -    Sink created: ID_heat_sink
2022-06-11 19:35:28,155 - INFO - create_objects -    Storage created: ID_thermal_storage
2022-06-11 19:35:28,156 - INFO - create_objects -    Sink created: ID_cooling_sink
2022-06-11 19:35:28,173 - INFO - create_objects -    Bus created: ID_GCHP_transformer_low_temp_bus
2022-06-11 19:35:28,174 - INFO - create_objects -    Heat Source created: ID_GCHP_transformer_low_temp_source
2022-06-11 19:35:28,174 - INFO - create_objects -    ID_GCHP_transformer, Average Coefficient of Performance (COP): 4.32
2022-06-11 19:35:28,177 - INFO - create_objects -    Transformer created: ID_GCHP_transformer
2022-06-11 19:35:28,177 - INFO - create_objects -    Bus created: ID_ASCH_transformer_high_temp_bus
2022-06-11 19:35:28,177 - INFO - create_objects -    Heat Source created: ID_ASCH_transformer_high_temp_source
2022-06-11 19:35:28,178 - INFO - create_objects -    ID_ASCH_transformer, Average Coefficient of Performance (COP): 7.88
2022-06-11 19:35:28,180 - INFO - create_objects -    Transformer created: ID_ASCH_transformer
2022-06-11 19:35:28,185 - INFO - create_objects -    Bus created: ID_AbsCH_transformer_high_temp_bus
2022-06-11 19:35:28,189 - INFO - create_objects -    ID_AbsCH_transformer, Average Coefficient of Performance (COP): 0.80
2022-06-11 19:35:28,189 - INFO - create_objects -    Heat Source created:ID_AbsCH_transformer_high_temp_source
2022-06-11 19:35:28,190 - INFO - create_objects -    Transformer created: ID_AbsCH_transformer
2022-06-11 19:35:28,190 - INFO - create_objects -    Bus created: ID_ASHP_transformer_low_temp_bus
2022-06-11 19:35:28,190 - INFO - create_objects -    Heat Source created: ID_ASHP_transformer_low_temp_source
2022-06-11 19:35:28,191 - INFO - create_objects -    ID_ASHP_transformer, Average Coefficient of Performance (COP): 2.70
2022-06-11 19:35:28,194 - INFO - create_objects -    Transformer created: ID_ASHP_transformer
2022-06-11 19:35:28,195 - INFO - create_objects -    Transformer created: ID_chp_transformer
2022-06-11 19:35:28,269 - INFO - Source - 	 Source created: ID_photovoltaic_electricity_source
2022-06-11 19:35:28,953 - INFO - Source - 	 Source created: ID_solar_thermal_source, Max Heat power output per year and m²: 12.32 kWh/(m²a), Irradiance on collector per year and m²: 28.98 kWh/(m²a)
2022-06-11 19:35:29,064 - INFO - district_heating - 	 Connected ID to district heating network
2022-06-11 19:35:29,085 - INFO - district_heating - 	 Connected district_heat_bus to district heating network
2022-06-11 19:35:29,091 - DEBUG - _tools - os.makedirs('results/scenario_v0.3.0_2022-06-11--19-35-22')
2022-06-11 19:35:29,092 - DEBUG - saving - write lines to 'results/scenario_v0.3.0_2022-06-11--19-35-22/graph.gv'
2022-06-11 19:35:29,092 - DEBUG - execute - run [PosixPath('dot'), '-Kdot', '-Tpng', '-O', 'graph.gv']
2022-06-11 19:35:29,585 - INFO - optimize_model -    *********************************************************
2022-06-11 19:35:29,586 - INFO - optimize_model -    Create Energy System...
2022-06-11 19:35:29,697 - ERROR - block - Constructing component 'Bus.balance_build' from data=None failed:
KeyError: 'Index \'("<oemof.solph.network.transformer.Transformer: \'ID_solar_thermal_source_collector\'>", "<oemof.solph.network.bus.Bus: \'ID_heat_bus\'>", 0)\' is not valid for indexed component \'flow\''
