******************************************************
2022-06-11 20:18:33,134 - INFO - logger - Path for logging: results/scenario_v0.3.0_2022-06-11--20-18-33/oemof.log
2022-06-11 20:18:36,880 - INFO - create_energy_system - 	 Spreadsheet scenario successfully imported.
2022-06-11 20:18:38,195 - INFO - create_energy_system - Date time index successfully defined:
 start date:          2012-01-01 00:00:00,
 end date:            2012-01-18 23:00:00,
 temporal resolution: h
2022-06-11 20:18:38,196 - INFO - create_objects -    Bus created: ID_electricity_bus
2022-06-11 20:18:38,197 - INFO - create_objects -    Bus created: ID_heat_bus
2022-06-11 20:18:38,197 - INFO - create_objects -    Bus created: ID_gas_bus
2022-06-11 20:18:38,197 - INFO - create_objects -    Bus created: ID_cooling_bus
2022-06-11 20:18:38,198 - INFO - create_objects -    Bus created: ID_pv_bus
2022-06-11 20:18:38,198 - INFO - create_objects -    Bus created: ID_hp_electricity_bus
2022-06-11 20:18:38,199 - INFO - create_objects -    Bus created: district_chp_electricity_bus
2022-06-11 20:18:38,199 - INFO - create_objects -    Bus created: district_gas_bus
2022-06-11 20:18:38,199 - INFO - create_objects -    Bus created: district_heat_bus
2022-06-11 20:18:38,202 - INFO - create_objects -    Transformer created: ID_gasheating_transformer
2022-06-11 20:18:38,203 - INFO - create_objects -    Sink created: ID_electricity_sink
2022-06-11 20:18:38,204 - INFO - create_objects -    Storage created: ID_battery_storage
2022-06-11 20:18:38,205 - INFO - create_objects -    Link created: ID_pv_to_ID_electricity_link
2022-06-11 20:18:38,214 - INFO - create_objects -    Sink created: ID_heat_sink
2022-06-11 20:18:38,214 - INFO - create_objects -    Storage created: ID_thermal_storage
2022-06-11 20:18:38,240 - INFO - create_objects -    Link created: ID_electricity_to_ID_hp_electricity_bus
2022-06-11 20:18:38,258 - INFO - create_objects -    Sink created: ID_cooling_sink
2022-06-11 20:18:38,265 - INFO - create_objects -    Bus created: ID_GCHP_transformer_low_temp_bus
2022-06-11 20:18:38,265 - INFO - create_objects -    Heat Source created: ID_GCHP_transformer_low_temp_source
2022-06-11 20:18:38,266 - INFO - create_objects -    ID_GCHP_transformer, Average Coefficient of Performance (COP): 4.32
2022-06-11 20:18:38,268 - INFO - create_objects -    Transformer created: ID_GCHP_transformer
2022-06-11 20:18:38,268 - INFO - create_objects -    Bus created: ID_ASCH_transformer_high_temp_bus
2022-06-11 20:18:38,269 - INFO - create_objects -    Heat Source created: ID_ASCH_transformer_high_temp_source
2022-06-11 20:18:38,269 - INFO - create_objects -    ID_ASCH_transformer, Average Coefficient of Performance (COP): 7.88
2022-06-11 20:18:38,272 - INFO - create_objects -    Transformer created: ID_ASCH_transformer
2022-06-11 20:18:38,283 - INFO - create_objects -    Bus created: ID_AbsCH_transformer_high_temp_bus
2022-06-11 20:18:38,286 - INFO - create_objects -    ID_AbsCH_transformer, Average Coefficient of Performance (COP): 0.80
2022-06-11 20:18:38,286 - INFO - create_objects -    Heat Source created:ID_AbsCH_transformer_high_temp_source
2022-06-11 20:18:38,287 - INFO - create_objects -    Transformer created: ID_AbsCH_transformer
2022-06-11 20:18:38,287 - INFO - create_objects -    Bus created: ID_ASHP_transformer_low_temp_bus
2022-06-11 20:18:38,288 - INFO - create_objects -    Heat Source created: ID_ASHP_transformer_low_temp_source
2022-06-11 20:18:38,288 - INFO - create_objects -    ID_ASHP_transformer, Average Coefficient of Performance (COP): 2.70
2022-06-11 20:18:38,291 - INFO - create_objects -    Transformer created: ID_ASHP_transformer
2022-06-11 20:18:38,292 - INFO - create_objects -    Transformer created: ID_chp_transformer
2022-06-11 20:18:38,371 - INFO - Source - 	 Source created: ID_photovoltaic_electricity_source
2022-06-11 20:18:39,035 - INFO - Source - 	 Source created: ID_solar_thermal_source
2022-06-11 20:18:39,036 - INFO - Source - 	 Source created: ID_solar_thermal_source, Max Heat power output per year and m²: 12.32 kWh/(m²a), Irradiance on collector per year and m²: 28.98 kWh/(m²a)
2022-06-11 20:18:39,135 - INFO - district_heating - 	 Connected ID to district heating network
2022-06-11 20:18:39,156 - INFO - district_heating - 	 Connected district_heat_bus to district heating network
2022-06-11 20:18:39,163 - DEBUG - _tools - os.makedirs('results/scenario_v0.3.0_2022-06-11--20-18-33')
2022-06-11 20:18:39,163 - DEBUG - saving - write lines to 'results/scenario_v0.3.0_2022-06-11--20-18-33/graph.gv'
2022-06-11 20:18:39,163 - DEBUG - execute - run [PosixPath('dot'), '-Kdot', '-Tpng', '-O', 'graph.gv']
2022-06-11 20:18:39,679 - INFO - optimize_model -    *********************************************************
2022-06-11 20:18:39,681 - INFO - optimize_model -    Create Energy System...
2022-06-11 20:18:41,558 - INFO - optimize_model -    *********************************************************
2022-06-11 20:18:41,558 - INFO - optimize_model -    Starting Optimization with gurobi-Solver
