******************************************************
2022-06-11 20:02:13,372 - INFO - logger - Path for logging: results/scenario_v0.3.0_2022-06-11--20-02-13/oemof.log
2022-06-11 20:02:17,268 - INFO - create_energy_system - 	 Spreadsheet scenario successfully imported.
2022-06-11 20:02:18,587 - INFO - create_energy_system - Date time index successfully defined:
 start date:          2012-01-01 00:00:00,
 end date:            2012-01-18 23:00:00,
 temporal resolution: h
2022-06-11 20:02:18,587 - INFO - create_objects -    Bus created: ID_electricity_bus
2022-06-11 20:02:18,588 - INFO - create_objects -    Bus created: ID_heat_bus
2022-06-11 20:02:18,589 - INFO - create_objects -    Bus created: ID_gas_bus
2022-06-11 20:02:18,589 - INFO - create_objects -    Bus created: ID_cooling_bus
2022-06-11 20:02:18,589 - INFO - create_objects -    Bus created: ID_pv_bus
2022-06-11 20:02:18,590 - INFO - create_objects -    Bus created: ID_hp_electricity_bus
2022-06-11 20:02:18,590 - INFO - create_objects -    Bus created: district_chp_electricity_bus
2022-06-11 20:02:18,590 - INFO - create_objects -    Bus created: district_gas_bus
2022-06-11 20:02:18,591 - INFO - create_objects -    Bus created: district_heat_bus
2022-06-11 20:02:18,595 - INFO - create_objects -    Storage created: ID_battery_storage
2022-06-11 20:02:18,596 - INFO - create_objects -    Transformer created: ID_gasheating_transformer
2022-06-11 20:02:18,598 - INFO - create_objects -    Sink created: ID_electricity_sink
2022-06-11 20:02:18,598 - INFO - create_objects -    Link created: ID_pv_to_ID_electricity_link
2022-06-11 20:02:18,599 - INFO - create_objects -    Storage created: ID_thermal_storage
2022-06-11 20:02:18,608 - INFO - create_objects -    Sink created: ID_heat_sink
2022-06-11 20:02:18,609 - INFO - create_objects -    Link created: ID_electricity_to_ID_hp_electricity_bus
2022-06-11 20:02:18,611 - INFO - create_objects -    Sink created: ID_cooling_sink
2022-06-11 20:02:18,625 - INFO - create_objects -    Bus created: ID_GCHP_transformer_low_temp_bus
2022-06-11 20:02:18,626 - INFO - create_objects -    Heat Source created: ID_GCHP_transformer_low_temp_source
2022-06-11 20:02:18,627 - INFO - create_objects -    ID_GCHP_transformer, Average Coefficient of Performance (COP): 4.32
2022-06-11 20:02:18,629 - INFO - create_objects -    Transformer created: ID_GCHP_transformer
2022-06-11 20:02:18,629 - INFO - create_objects -    Bus created: ID_ASCH_transformer_high_temp_bus
2022-06-11 20:02:18,630 - INFO - create_objects -    Heat Source created: ID_ASCH_transformer_high_temp_source
2022-06-11 20:02:18,630 - INFO - create_objects -    ID_ASCH_transformer, Average Coefficient of Performance (COP): 7.88
2022-06-11 20:02:18,633 - INFO - create_objects -    Transformer created: ID_ASCH_transformer
2022-06-11 20:02:18,637 - INFO - create_objects -    Bus created: ID_AbsCH_transformer_high_temp_bus
2022-06-11 20:02:18,640 - INFO - create_objects -    ID_AbsCH_transformer, Average Coefficient of Performance (COP): 0.80
2022-06-11 20:02:18,641 - INFO - create_objects -    Heat Source created:ID_AbsCH_transformer_high_temp_source
2022-06-11 20:02:18,641 - INFO - create_objects -    Transformer created: ID_AbsCH_transformer
2022-06-11 20:02:18,643 - INFO - create_objects -    Bus created: ID_ASHP_transformer_low_temp_bus
2022-06-11 20:02:18,644 - INFO - create_objects -    Heat Source created: ID_ASHP_transformer_low_temp_source
2022-06-11 20:02:18,645 - INFO - create_objects -    ID_ASHP_transformer, Average Coefficient of Performance (COP): 2.70
2022-06-11 20:02:18,647 - INFO - create_objects -    Transformer created: ID_ASHP_transformer
2022-06-11 20:02:18,648 - INFO - create_objects -    Transformer created: ID_chp_transformer
2022-06-11 20:02:18,722 - INFO - Source - 	 Source created: ID_photovoltaic_electricity_source
2022-06-11 20:02:19,412 - INFO - Source - 	 Source created: ID_solar_thermal_source
2022-06-11 20:02:19,413 - INFO - Source - 	 Source created: ID_solar_thermal_source, Max Heat power output per year and m²: 12.32 kWh/(m²a), Irradiance on collector per year and m²: 28.98 kWh/(m²a)
2022-06-11 20:02:19,445 - DEBUG - modelchain - Calculating wind speed using logarithmic wind profile.
2022-06-11 20:02:19,449 - DEBUG - modelchain - Calculating power output using power curve.
2022-06-11 20:02:19,450 - INFO - Source - 	 Source created: wind_turbine
2022-06-11 20:02:19,540 - INFO - district_heating - 	 Connected ID to district heating network
2022-06-11 20:02:19,561 - INFO - district_heating - 	 Connected district_heat_bus to district heating network
2022-06-11 20:02:19,568 - DEBUG - _tools - os.makedirs('results/scenario_v0.3.0_2022-06-11--20-02-13')
2022-06-11 20:02:19,568 - DEBUG - saving - write lines to 'results/scenario_v0.3.0_2022-06-11--20-02-13/graph.gv'
2022-06-11 20:02:19,568 - DEBUG - execute - run [PosixPath('dot'), '-Kdot', '-Tpng', '-O', 'graph.gv']
2022-06-11 20:02:20,027 - INFO - optimize_model -    *********************************************************
2022-06-11 20:02:20,028 - INFO - optimize_model -    Create Energy System...
2022-06-11 20:02:21,569 - INFO - optimize_model -    *********************************************************
2022-06-11 20:02:21,570 - INFO - optimize_model -    Starting Optimization with gurobi-Solver
2022-06-11 20:02:23,531 - INFO - models - Optimization successful...
2022-06-11 20:02:23,632 - INFO - optimize_model - 	 Memory Usage during processing:[398.25]
2022-06-11 20:02:24,387 - INFO - create_results -    Results saved as xlsx for ID_electricity_bus
2022-06-11 20:02:24,500 - INFO - create_results -    Results saved as xlsx for ID_heat_bus
2022-06-11 20:02:24,560 - INFO - create_results -    Results saved as xlsx for ID_gas_bus
2022-06-11 20:02:24,644 - INFO - create_results -    Results saved as xlsx for ID_cooling_bus
2022-06-11 20:02:24,716 - INFO - create_results -    Results saved as xlsx for ID_pv_bus
2022-06-11 20:02:24,816 - INFO - create_results -    Results saved as xlsx for ID_hp_electricity_bus
2022-06-11 20:02:24,882 - INFO - create_results -    Results saved as xlsx for district_chp_electricity_bus
2022-06-11 20:02:24,946 - INFO - create_results -    Results saved as xlsx for district_gas_bus
2022-06-11 20:02:25,008 - INFO - create_results -    Results saved as xlsx for district_heat_bus
2022-06-11 20:02:26,054 - INFO - create_results -    Successfully prepared results...
2022-06-11 20:02:26,055 - INFO - Spreadsheet_Energy_System_Model_Generator - 	 --------------------------------------------------------
2022-06-11 20:02:26,055 - INFO - Spreadsheet_Energy_System_Model_Generator - 	 Modelling and optimization successfully completed!
