******************************************************
2022-06-11 20:01:04,641 - INFO - logger - Path for logging: results/scenario_v0.3.0_2022-06-11--20-01-04/oemof.log
2022-06-11 20:01:08,328 - INFO - create_energy_system - 	 Spreadsheet scenario successfully imported.
2022-06-11 20:01:09,627 - INFO - create_energy_system - Date time index successfully defined:
 start date:          2012-01-01 00:00:00,
 end date:            2012-01-18 23:00:00,
 temporal resolution: h
2022-06-11 20:01:09,627 - INFO - create_objects -    Bus created: ID_electricity_bus
2022-06-11 20:01:09,628 - INFO - create_objects -    Bus created: ID_heat_bus
2022-06-11 20:01:09,629 - INFO - create_objects -    Bus created: ID_gas_bus
2022-06-11 20:01:09,629 - INFO - create_objects -    Bus created: ID_cooling_bus
2022-06-11 20:01:09,629 - INFO - create_objects -    Bus created: ID_pv_bus
2022-06-11 20:01:09,630 - INFO - create_objects -    Bus created: ID_hp_electricity_bus
2022-06-11 20:01:09,630 - INFO - create_objects -    Bus created: district_chp_electricity_bus
2022-06-11 20:01:09,630 - INFO - create_objects -    Bus created: district_gas_bus
2022-06-11 20:01:09,631 - INFO - create_objects -    Bus created: district_heat_bus
2022-06-11 20:01:09,633 - INFO - create_objects -    Transformer created: ID_gasheating_transformer
2022-06-11 20:01:09,634 - INFO - create_objects -    Sink created: ID_electricity_sink
2022-06-11 20:01:09,636 - INFO - create_objects -    Link created: ID_pv_to_ID_electricity_link
2022-06-11 20:01:09,637 - INFO - create_objects -    Storage created: ID_battery_storage
2022-06-11 20:01:09,646 - INFO - create_objects -    Sink created: ID_heat_sink
2022-06-11 20:01:09,648 - INFO - create_objects -    Link created: ID_electricity_to_ID_hp_electricity_bus
2022-06-11 20:01:09,650 - INFO - create_objects -    Storage created: ID_thermal_storage
2022-06-11 20:01:09,652 - INFO - create_objects -    Sink created: ID_cooling_sink
2022-06-11 20:01:09,659 - INFO - create_objects -    Bus created: ID_GCHP_transformer_low_temp_bus
2022-06-11 20:01:09,659 - INFO - create_objects -    Heat Source created: ID_GCHP_transformer_low_temp_source
2022-06-11 20:01:09,660 - INFO - create_objects -    ID_GCHP_transformer, Average Coefficient of Performance (COP): 4.32
2022-06-11 20:01:09,663 - INFO - create_objects -    Transformer created: ID_GCHP_transformer
2022-06-11 20:01:09,663 - INFO - create_objects -    Bus created: ID_ASCH_transformer_high_temp_bus
2022-06-11 20:01:09,664 - INFO - create_objects -    Heat Source created: ID_ASCH_transformer_high_temp_source
2022-06-11 20:01:09,664 - INFO - create_objects -    ID_ASCH_transformer, Average Coefficient of Performance (COP): 7.88
2022-06-11 20:01:09,667 - INFO - create_objects -    Transformer created: ID_ASCH_transformer
2022-06-11 20:01:09,670 - INFO - create_objects -    Bus created: ID_AbsCH_transformer_high_temp_bus
2022-06-11 20:01:09,674 - INFO - create_objects -    ID_AbsCH_transformer, Average Coefficient of Performance (COP): 0.80
2022-06-11 20:01:09,674 - INFO - create_objects -    Heat Source created:ID_AbsCH_transformer_high_temp_source
2022-06-11 20:01:09,674 - INFO - create_objects -    Transformer created: ID_AbsCH_transformer
2022-06-11 20:01:09,675 - INFO - create_objects -    Bus created: ID_ASHP_transformer_low_temp_bus
2022-06-11 20:01:09,675 - INFO - create_objects -    Heat Source created: ID_ASHP_transformer_low_temp_source
2022-06-11 20:01:09,676 - INFO - create_objects -    ID_ASHP_transformer, Average Coefficient of Performance (COP): 2.70
2022-06-11 20:01:09,679 - INFO - create_objects -    Transformer created: ID_ASHP_transformer
2022-06-11 20:01:09,680 - INFO - create_objects -    Transformer created: ID_chp_transformer
