******************************************************
2022-06-11 20:14:49,223 - INFO - logger - Path for logging: results/scenario_v0.3.0_2022-06-11--20-14-49/oemof.log
2022-06-11 20:14:52,969 - INFO - create_energy_system - 	 Spreadsheet scenario successfully imported.
2022-06-11 20:14:54,263 - INFO - create_energy_system - Date time index successfully defined:
 start date:          2012-01-01 00:00:00,
 end date:            2012-01-18 23:00:00,
 temporal resolution: h
2022-06-11 20:14:54,263 - INFO - create_objects -    Bus created: ID_electricity_bus
2022-06-11 20:14:54,264 - INFO - create_objects -    Bus created: ID_heat_bus
2022-06-11 20:14:54,265 - INFO - create_objects -    Bus created: ID_gas_bus
2022-06-11 20:14:54,265 - INFO - create_objects -    Bus created: ID_cooling_bus
2022-06-11 20:14:54,265 - INFO - create_objects -    Bus created: ID_pv_bus
2022-06-11 20:14:54,266 - INFO - create_objects -    Bus created: ID_hp_electricity_bus
2022-06-11 20:14:54,266 - INFO - create_objects -    Bus created: district_chp_electricity_bus
2022-06-11 20:14:54,267 - INFO - create_objects -    Bus created: district_gas_bus
2022-06-11 20:14:54,267 - INFO - create_objects -    Bus created: district_heat_bus
2022-06-11 20:14:54,269 - INFO - create_objects -    Sink created: ID_electricity_sink
2022-06-11 20:14:54,271 - INFO - create_objects -    Storage created: ID_battery_storage
2022-06-11 20:14:54,272 - INFO - create_objects -    Transformer created: ID_gasheating_transformer
2022-06-11 20:14:54,273 - INFO - create_objects -    Link created: ID_pv_to_ID_electricity_link
2022-06-11 20:14:54,281 - INFO - create_objects -    Sink created: ID_heat_sink
2022-06-11 20:14:54,282 - INFO - create_objects -    Storage created: ID_thermal_storage
2022-06-11 20:14:54,283 - INFO - create_objects -    Link created: ID_electricity_to_ID_hp_electricity_bus
2022-06-11 20:14:54,284 - INFO - create_objects -    Sink created: ID_cooling_sink
2022-06-11 20:14:54,294 - INFO - create_objects -    Bus created: ID_GCHP_transformer_low_temp_bus
2022-06-11 20:14:54,294 - INFO - create_objects -    Heat Source created: ID_GCHP_transformer_low_temp_source
2022-06-11 20:14:54,295 - INFO - create_objects -    ID_GCHP_transformer, Average Coefficient of Performance (COP): 4.32
2022-06-11 20:14:54,297 - INFO - create_objects -    Transformer created: ID_GCHP_transformer
2022-06-11 20:14:54,297 - INFO - create_objects -    Bus created: ID_ASCH_transformer_high_temp_bus
2022-06-11 20:14:54,298 - INFO - create_objects -    Heat Source created: ID_ASCH_transformer_high_temp_source
2022-06-11 20:14:54,298 - INFO - create_objects -    ID_ASCH_transformer, Average Coefficient of Performance (COP): 7.88
2022-06-11 20:14:54,300 - INFO - create_objects -    Transformer created: ID_ASCH_transformer
2022-06-11 20:14:54,304 - INFO - create_objects -    Bus created: ID_AbsCH_transformer_high_temp_bus
2022-06-11 20:14:54,307 - INFO - create_objects -    ID_AbsCH_transformer, Average Coefficient of Performance (COP): 0.80
2022-06-11 20:14:54,307 - INFO - create_objects -    Heat Source created:ID_AbsCH_transformer_high_temp_source
2022-06-11 20:14:54,307 - INFO - create_objects -    Transformer created: ID_AbsCH_transformer
2022-06-11 20:14:54,308 - INFO - create_objects -    Bus created: ID_ASHP_transformer_low_temp_bus
2022-06-11 20:14:54,308 - INFO - create_objects -    Heat Source created: ID_ASHP_transformer_low_temp_source
2022-06-11 20:14:54,309 - INFO - create_objects -    ID_ASHP_transformer, Average Coefficient of Performance (COP): 2.70
2022-06-11 20:14:54,311 - INFO - create_objects -    Transformer created: ID_ASHP_transformer
2022-06-11 20:14:54,311 - INFO - create_objects -    Transformer created: ID_chp_transformer
2022-06-11 20:14:54,396 - INFO - district_heating - 	 Connected ID to district heating network
2022-06-11 20:14:54,415 - INFO - district_heating - 	 Connected district_heat_bus to district heating network
2022-06-11 20:14:54,422 - DEBUG - _tools - os.makedirs('results/scenario_v0.3.0_2022-06-11--20-14-49')
2022-06-11 20:14:54,422 - DEBUG - saving - write lines to 'results/scenario_v0.3.0_2022-06-11--20-14-49/graph.gv'
2022-06-11 20:14:54,423 - DEBUG - execute - run [PosixPath('dot'), '-Kdot', '-Tpng', '-O', 'graph.gv']
2022-06-11 20:14:54,924 - INFO - optimize_model -    *********************************************************
2022-06-11 20:14:54,925 - INFO - optimize_model -    Create Energy System...
