******************************************************
2022-06-11 19:54:55,423 - INFO - logger - Path for logging: results/scenario_v0.3.0_2022-06-11--19-54-55/oemof.log
2022-06-11 19:54:59,464 - INFO - create_energy_system - 	 Spreadsheet scenario successfully imported.
2022-06-11 19:55:00,822 - INFO - create_energy_system - Date time index successfully defined:
 start date:          2012-01-01 00:00:00,
 end date:            2012-01-18 23:00:00,
 temporal resolution: h
2022-06-11 19:55:00,822 - INFO - create_objects -    Bus created: ID_electricity_bus
2022-06-11 19:55:00,823 - INFO - create_objects -    Bus created: ID_heat_bus
2022-06-11 19:55:00,824 - INFO - create_objects -    Bus created: ID_gas_bus
2022-06-11 19:55:00,824 - INFO - create_objects -    Bus created: ID_cooling_bus
2022-06-11 19:55:00,824 - INFO - create_objects -    Bus created: ID_pv_bus
2022-06-11 19:55:00,825 - INFO - create_objects -    Bus created: ID_hp_electricity_bus
2022-06-11 19:55:00,825 - INFO - create_objects -    Bus created: district_chp_electricity_bus
2022-06-11 19:55:00,826 - INFO - create_objects -    Bus created: district_gas_bus
2022-06-11 19:55:00,826 - INFO - create_objects -    Bus created: district_heat_bus
2022-06-11 19:55:00,830 - INFO - create_objects -    Sink created: ID_electricity_sink
2022-06-11 19:55:00,831 - INFO - create_objects -    Transformer created: ID_gasheating_transformer
2022-06-11 19:55:00,832 - INFO - create_objects -    Storage created: ID_battery_storage
2022-06-11 19:55:00,832 - INFO - create_objects -    Link created: ID_pv_to_ID_electricity_link
2022-06-11 19:55:00,841 - INFO - create_objects -    Sink created: ID_heat_sink
2022-06-11 19:55:00,842 - INFO - create_objects -    Storage created: ID_thermal_storage
2022-06-11 19:55:00,843 - INFO - create_objects -    Link created: ID_electricity_to_ID_hp_electricity_bus
2022-06-11 19:55:00,844 - INFO - create_objects -    Sink created: ID_cooling_sink
2022-06-11 19:55:00,863 - INFO - create_objects -    Bus created: ID_GCHP_transformer_low_temp_bus
2022-06-11 19:55:00,863 - INFO - create_objects -    Heat Source created: ID_GCHP_transformer_low_temp_source
2022-06-11 19:55:00,864 - INFO - create_objects -    ID_GCHP_transformer, Average Coefficient of Performance (COP): 4.32
2022-06-11 19:55:00,867 - INFO - create_objects -    Transformer created: ID_GCHP_transformer
2022-06-11 19:55:00,867 - INFO - create_objects -    Bus created: ID_ASCH_transformer_high_temp_bus
2022-06-11 19:55:00,867 - INFO - create_objects -    Heat Source created: ID_ASCH_transformer_high_temp_source
2022-06-11 19:55:00,868 - INFO - create_objects -    ID_ASCH_transformer, Average Coefficient of Performance (COP): 7.88
2022-06-11 19:55:00,870 - INFO - create_objects -    Transformer created: ID_ASCH_transformer
2022-06-11 19:55:00,875 - INFO - create_objects -    Bus created: ID_AbsCH_transformer_high_temp_bus
2022-06-11 19:55:00,879 - INFO - create_objects -    ID_AbsCH_transformer, Average Coefficient of Performance (COP): 0.80
2022-06-11 19:55:00,879 - INFO - create_objects -    Heat Source created:ID_AbsCH_transformer_high_temp_source
2022-06-11 19:55:00,879 - INFO - create_objects -    Transformer created: ID_AbsCH_transformer
2022-06-11 19:55:00,880 - INFO - create_objects -    Bus created: ID_ASHP_transformer_low_temp_bus
2022-06-11 19:55:00,880 - INFO - create_objects -    Heat Source created: ID_ASHP_transformer_low_temp_source
2022-06-11 19:55:00,881 - INFO - create_objects -    ID_ASHP_transformer, Average Coefficient of Performance (COP): 2.70
2022-06-11 19:55:00,883 - INFO - create_objects -    Transformer created: ID_ASHP_transformer
2022-06-11 19:55:00,884 - INFO - create_objects -    Transformer created: ID_chp_transformer
2022-06-11 19:55:01,022 - INFO - Source - 	 Source created: ID_photovoltaic_electricity_source
2022-06-11 19:55:02,088 - INFO - district_heating - 	 Connected ID to district heating network
2022-06-11 19:55:02,113 - INFO - district_heating - 	 Connected district_heat_bus to district heating network
2022-06-11 19:55:02,126 - DEBUG - _tools - os.makedirs('results/scenario_v0.3.0_2022-06-11--19-54-55')
2022-06-11 19:55:02,126 - DEBUG - saving - write lines to 'results/scenario_v0.3.0_2022-06-11--19-54-55/graph.gv'
2022-06-11 19:55:02,127 - DEBUG - execute - run [PosixPath('dot'), '-Kdot', '-Tpng', '-O', 'graph.gv']
2022-06-11 19:55:02,698 - INFO - optimize_model -    *********************************************************
2022-06-11 19:55:02,699 - INFO - optimize_model -    Create Energy System...
2022-06-11 19:55:02,832 - ERROR - block - Constructing component 'Bus.balance_build' from data=None failed:
KeyError: 'Index \'("<oemof.solph.network.source.Source: \'ID_photovoltaic_electricity_source\'>", "<oemof.solph.network.bus.Bus: \'ID_pv_bus\'>", 0)\' is not valid for indexed component \'flow\''
