******************************************************
2022-06-11 20:35:45,612 - INFO - logger - Path for logging: results/scenario_v0.3.0_2022-06-11--20-35-45/oemof.log
2022-06-11 20:35:49,145 - INFO - create_energy_system - 	 Spreadsheet scenario successfully imported.
2022-06-11 20:35:50,701 - INFO - create_energy_system - Date time index successfully defined:
 start date:          2012-01-01 00:00:00,
 end date:            2012-01-18 23:00:00,
 temporal resolution: h
2022-06-11 20:35:50,702 - INFO - create_objects -    Bus created: ID_electricity_bus
2022-06-11 20:35:50,703 - INFO - create_objects -    Bus created: ID_heat_bus
2022-06-11 20:35:50,704 - INFO - create_objects -    Bus created: ID_gas_bus
2022-06-11 20:35:50,704 - INFO - create_objects -    Bus created: ID_cooling_bus
2022-06-11 20:35:50,704 - INFO - create_objects -    Bus created: ID_pv_bus
2022-06-11 20:35:50,705 - INFO - create_objects -    Bus created: ID_hp_electricity_bus
2022-06-11 20:35:50,705 - INFO - create_objects -    Bus created: district_chp_electricity_bus
2022-06-11 20:35:50,706 - INFO - create_objects -    Bus created: district_gas_bus
2022-06-11 20:35:50,706 - INFO - create_objects -    Bus created: district_heat_bus
2022-06-11 20:35:50,709 - INFO - create_objects -    Transformer created: ID_gasheating_transformer
2022-06-11 20:35:50,711 - INFO - create_objects -    Storage created: ID_battery_storage
2022-06-11 20:35:50,712 - INFO - create_objects -    Link created: ID_pv_to_ID_electricity_link
2022-06-11 20:35:50,714 - INFO - create_objects -    Sink created: ID_electricity_sink
2022-06-11 20:35:50,715 - INFO - create_objects -    Storage created: ID_thermal_storage
2022-06-11 20:35:50,716 - INFO - create_objects -    Link created: ID_electricity_to_ID_hp_electricity_bus
2022-06-11 20:35:50,726 - INFO - create_objects -    Sink created: ID_heat_sink
2022-06-11 20:35:50,728 - INFO - create_objects -    Sink created: ID_cooling_sink
2022-06-11 20:35:50,735 - INFO - create_objects -    Bus created: ID_GCHP_transformer_low_temp_bus
2022-06-11 20:35:50,735 - INFO - create_objects -    Heat Source created: ID_GCHP_transformer_low_temp_source
2022-06-11 20:35:50,736 - INFO - create_objects -    ID_GCHP_transformer, Average Coefficient of Performance (COP): 4.32
2022-06-11 20:35:50,739 - INFO - create_objects -    Transformer created: ID_GCHP_transformer
2022-06-11 20:35:50,739 - INFO - create_objects -    Bus created: ID_ASCH_transformer_high_temp_bus
2022-06-11 20:35:50,739 - INFO - create_objects -    Heat Source created: ID_ASCH_transformer_high_temp_source
2022-06-11 20:35:50,740 - INFO - create_objects -    ID_ASCH_transformer, Average Coefficient of Performance (COP): 7.88
2022-06-11 20:35:50,743 - INFO - create_objects -    Transformer created: ID_ASCH_transformer
2022-06-11 20:35:50,746 - INFO - create_objects -    Bus created: ID_AbsCH_transformer_high_temp_bus
2022-06-11 20:35:50,750 - INFO - create_objects -    ID_AbsCH_transformer, Average Coefficient of Performance (COP): 0.80
2022-06-11 20:35:50,751 - INFO - create_objects -    Heat Source created:ID_AbsCH_transformer_high_temp_source
2022-06-11 20:35:50,751 - INFO - create_objects -    Transformer created: ID_AbsCH_transformer
2022-06-11 20:35:50,752 - INFO - create_objects -    Bus created: ID_ASHP_transformer_low_temp_bus
2022-06-11 20:35:50,752 - INFO - create_objects -    Heat Source created: ID_ASHP_transformer_low_temp_source
2022-06-11 20:35:50,753 - INFO - create_objects -    ID_ASHP_transformer, Average Coefficient of Performance (COP): 2.70
2022-06-11 20:35:50,755 - INFO - create_objects -    Transformer created: ID_ASHP_transformer
2022-06-11 20:35:50,756 - INFO - create_objects -    Transformer created: ID_chp_transformer
2022-06-11 20:35:50,838 - INFO - district_heating - 	 Connected ID to district heating network
2022-06-11 20:35:50,863 - INFO - district_heating - 	 Connected district_heat_bus to district heating network
2022-06-11 20:35:50,872 - DEBUG - _tools - os.makedirs('results/scenario_v0.3.0_2022-06-11--20-35-45')
2022-06-11 20:35:50,872 - DEBUG - saving - write lines to 'results/scenario_v0.3.0_2022-06-11--20-35-45/graph.gv'
2022-06-11 20:35:50,873 - DEBUG - execute - run [PosixPath('dot'), '-Kdot', '-Tpng', '-O', 'graph.gv']
2022-06-11 20:35:51,477 - INFO - optimize_model -    *********************************************************
2022-06-11 20:35:51,478 - INFO - optimize_model -    Create Energy System...
