******************************************************
2022-06-11 20:14:00,486 - INFO - logger - Path for logging: results/scenario_v0.3.0_2022-06-11--20-14-00/oemof.log
2022-06-11 20:14:03,395 - INFO - create_energy_system - 	 Spreadsheet scenario successfully imported.
2022-06-11 20:14:04,706 - INFO - create_energy_system - Date time index successfully defined:
 start date:          2012-01-01 00:00:00,
 end date:            2012-01-18 23:00:00,
 temporal resolution: h
2022-06-11 20:14:04,706 - INFO - create_objects -    Bus created: ID_electricity_bus
2022-06-11 20:14:04,707 - INFO - create_objects -    Bus created: ID_heat_bus
2022-06-11 20:14:04,708 - INFO - create_objects -    Bus created: ID_gas_bus
2022-06-11 20:14:04,708 - INFO - create_objects -    Bus created: ID_cooling_bus
2022-06-11 20:14:04,708 - INFO - create_objects -    Bus created: ID_pv_bus
2022-06-11 20:14:04,709 - INFO - create_objects -    Bus created: ID_hp_electricity_bus
2022-06-11 20:14:04,709 - INFO - create_objects -    Bus created: district_chp_electricity_bus
2022-06-11 20:14:04,710 - INFO - create_objects -    Bus created: district_gas_bus
2022-06-11 20:14:04,710 - INFO - create_objects -    Bus created: district_heat_bus
2022-06-11 20:14:04,712 - INFO - create_objects -    Transformer created: ID_gasheating_transformer
2022-06-11 20:14:04,713 - INFO - create_objects -    Link created: ID_pv_to_ID_electricity_link
2022-06-11 20:14:04,714 - INFO - create_objects -    Sink created: ID_electricity_sink
2022-06-11 20:14:04,716 - INFO - create_objects -    Storage created: ID_battery_storage
2022-06-11 20:14:04,717 - INFO - create_objects -    Link created: ID_electricity_to_ID_hp_electricity_bus
2022-06-11 20:14:04,725 - INFO - create_objects -    Sink created: ID_heat_sink
2022-06-11 20:14:04,726 - INFO - create_objects -    Storage created: ID_thermal_storage
2022-06-11 20:14:04,728 - INFO - create_objects -    Sink created: ID_cooling_sink
2022-06-11 20:14:04,774 - INFO - create_objects -    Bus created: ID_GCHP_transformer_low_temp_bus
2022-06-11 20:14:04,775 - INFO - create_objects -    Heat Source created: ID_GCHP_transformer_low_temp_source
2022-06-11 20:14:04,776 - INFO - create_objects -    ID_GCHP_transformer, Average Coefficient of Performance (COP): 4.32
2022-06-11 20:14:04,778 - INFO - create_objects -    Transformer created: ID_GCHP_transformer
2022-06-11 20:14:04,779 - INFO - create_objects -    Bus created: ID_ASCH_transformer_high_temp_bus
2022-06-11 20:14:04,780 - INFO - create_objects -    Heat Source created: ID_ASCH_transformer_high_temp_source
2022-06-11 20:14:04,780 - INFO - create_objects -    ID_ASCH_transformer, Average Coefficient of Performance (COP): 7.88
2022-06-11 20:14:04,783 - INFO - create_objects -    Transformer created: ID_ASCH_transformer
2022-06-11 20:14:04,786 - INFO - create_objects -    Bus created: ID_AbsCH_transformer_high_temp_bus
2022-06-11 20:14:04,789 - INFO - create_objects -    ID_AbsCH_transformer, Average Coefficient of Performance (COP): 0.80
2022-06-11 20:14:04,790 - INFO - create_objects -    Heat Source created:ID_AbsCH_transformer_high_temp_source
2022-06-11 20:14:04,790 - INFO - create_objects -    Transformer created: ID_AbsCH_transformer
2022-06-11 20:14:04,790 - INFO - create_objects -    Bus created: ID_ASHP_transformer_low_temp_bus
2022-06-11 20:14:04,791 - INFO - create_objects -    Heat Source created: ID_ASHP_transformer_low_temp_source
2022-06-11 20:14:04,791 - INFO - create_objects -    ID_ASHP_transformer, Average Coefficient of Performance (COP): 2.70
2022-06-11 20:14:04,793 - INFO - create_objects -    Transformer created: ID_ASHP_transformer
2022-06-11 20:14:04,794 - INFO - create_objects -    Transformer created: ID_chp_transformer
2022-06-11 20:14:04,875 - INFO - district_heating - 	 Connected ID to district heating network
2022-06-11 20:14:04,897 - INFO - district_heating - 	 Connected district_heat_bus to district heating network
2022-06-11 20:14:04,904 - DEBUG - _tools - os.makedirs('results/scenario_v0.3.0_2022-06-11--20-14-00')
2022-06-11 20:14:04,905 - DEBUG - saving - write lines to 'results/scenario_v0.3.0_2022-06-11--20-14-00/graph.gv'
2022-06-11 20:14:04,905 - DEBUG - execute - run [PosixPath('dot'), '-Kdot', '-Tpng', '-O', 'graph.gv']
2022-06-11 20:14:05,339 - INFO - optimize_model -    *********************************************************
2022-06-11 20:14:05,340 - INFO - optimize_model -    Create Energy System...
