******************************************************
2022-06-11 19:36:09,165 - INFO - logger - Path for logging: results/scenario_v0.3.0_2022-06-11--19-36-09/oemof.log
2022-06-11 19:36:12,970 - INFO - create_energy_system - 	 Spreadsheet scenario successfully imported.
2022-06-11 19:36:14,290 - INFO - create_energy_system - Date time index successfully defined:
 start date:          2012-01-01 00:00:00,
 end date:            2012-01-18 23:00:00,
 temporal resolution: h
2022-06-11 19:36:14,291 - INFO - create_objects -    Bus created: ID_electricity_bus
2022-06-11 19:36:14,292 - INFO - create_objects -    Bus created: ID_heat_bus
2022-06-11 19:36:14,292 - INFO - create_objects -    Bus created: ID_gas_bus
2022-06-11 19:36:14,292 - INFO - create_objects -    Bus created: ID_cooling_bus
2022-06-11 19:36:14,293 - INFO - create_objects -    Bus created: ID_pv_bus
2022-06-11 19:36:14,293 - INFO - create_objects -    Bus created: ID_hp_electricity_bus
2022-06-11 19:36:14,294 - INFO - create_objects -    Bus created: district_chp_electricity_bus
2022-06-11 19:36:14,294 - INFO - create_objects -    Bus created: district_gas_bus
2022-06-11 19:36:14,294 - INFO - create_objects -    Bus created: district_heat_bus
2022-06-11 19:36:14,298 - INFO - create_objects -    Sink created: ID_electricity_sink
2022-06-11 19:36:14,299 - INFO - create_objects -    Storage created: ID_battery_storage
2022-06-11 19:36:14,309 - INFO - create_objects -    Sink created: ID_heat_sink
2022-06-11 19:36:14,310 - INFO - create_objects -    Transformer created: ID_gasheating_transformer
2022-06-11 19:36:14,311 - INFO - create_objects -    Link created: ID_pv_to_ID_electricity_link
2022-06-11 19:36:14,312 - INFO - create_objects -    Storage created: ID_thermal_storage
2022-06-11 19:36:14,312 - INFO - create_objects -    Sink created: ID_cooling_sink
2022-06-11 19:36:14,314 - INFO - create_objects -    Link created: ID_electricity_to_ID_hp_electricity_bus
2022-06-11 19:36:14,332 - INFO - create_objects -    Bus created: ID_GCHP_transformer_low_temp_bus
2022-06-11 19:36:14,332 - INFO - create_objects -    Heat Source created: ID_GCHP_transformer_low_temp_source
2022-06-11 19:36:14,333 - INFO - create_objects -    ID_GCHP_transformer, Average Coefficient of Performance (COP): 4.32
2022-06-11 19:36:14,336 - INFO - create_objects -    Transformer created: ID_GCHP_transformer
2022-06-11 19:36:14,336 - INFO - create_objects -    Bus created: ID_ASCH_transformer_high_temp_bus
2022-06-11 19:36:14,336 - INFO - create_objects -    Heat Source created: ID_ASCH_transformer_high_temp_source
2022-06-11 19:36:14,337 - INFO - create_objects -    ID_ASCH_transformer, Average Coefficient of Performance (COP): 7.88
2022-06-11 19:36:14,339 - INFO - create_objects -    Transformer created: ID_ASCH_transformer
2022-06-11 19:36:14,343 - INFO - create_objects -    Bus created: ID_AbsCH_transformer_high_temp_bus
2022-06-11 19:36:14,347 - INFO - create_objects -    ID_AbsCH_transformer, Average Coefficient of Performance (COP): 0.80
2022-06-11 19:36:14,348 - INFO - create_objects -    Heat Source created:ID_AbsCH_transformer_high_temp_source
2022-06-11 19:36:14,348 - INFO - create_objects -    Transformer created: ID_AbsCH_transformer
2022-06-11 19:36:14,349 - INFO - create_objects -    Bus created: ID_ASHP_transformer_low_temp_bus
2022-06-11 19:36:14,349 - INFO - create_objects -    Heat Source created: ID_ASHP_transformer_low_temp_source
2022-06-11 19:36:14,350 - INFO - create_objects -    ID_ASHP_transformer, Average Coefficient of Performance (COP): 2.70
2022-06-11 19:36:14,352 - INFO - create_objects -    Transformer created: ID_ASHP_transformer
2022-06-11 19:36:14,353 - INFO - create_objects -    Transformer created: ID_chp_transformer
2022-06-11 19:36:14,427 - INFO - Source - 	 Source created: ID_photovoltaic_electricity_source
2022-06-11 19:36:15,100 - INFO - Source - 	 Source created: ID_solar_thermal_source, Max Heat power output per year and m²: 12.32 kWh/(m²a), Irradiance on collector per year and m²: 28.98 kWh/(m²a)
2022-06-11 19:36:15,217 - INFO - district_heating - 	 Connected ID to district heating network
2022-06-11 19:36:15,238 - INFO - district_heating - 	 Connected district_heat_bus to district heating network
2022-06-11 19:36:15,245 - DEBUG - _tools - os.makedirs('results/scenario_v0.3.0_2022-06-11--19-36-09')
2022-06-11 19:36:15,245 - DEBUG - saving - write lines to 'results/scenario_v0.3.0_2022-06-11--19-36-09/graph.gv'
2022-06-11 19:36:15,246 - DEBUG - execute - run [PosixPath('dot'), '-Kdot', '-Tpng', '-O', 'graph.gv']
2022-06-11 19:36:15,710 - INFO - optimize_model -    *********************************************************
2022-06-11 19:36:15,712 - INFO - optimize_model -    Create Energy System...
2022-06-11 19:36:15,815 - ERROR - block - Constructing component 'Bus.balance_build' from data=None failed:
KeyError: 'Index \'("<oemof.solph.network.source.Source: \'ID_photovoltaic_electricity_source\'>", "<oemof.solph.network.bus.Bus: \'ID_pv_bus\'>", 0)\' is not valid for indexed component \'flow\''
