******************************************************
2022-06-11 20:12:33,251 - INFO - logger - Path for logging: results/scenario_v0.3.0_2022-06-11--20-12-33/oemof.log
2022-06-11 20:12:36,959 - INFO - create_energy_system - 	 Spreadsheet scenario successfully imported.
2022-06-11 20:12:38,264 - INFO - create_energy_system - Date time index successfully defined:
 start date:          2012-01-01 00:00:00,
 end date:            2012-01-18 23:00:00,
 temporal resolution: h
2022-06-11 20:12:38,264 - INFO - create_objects -    Bus created: ID_electricity_bus
2022-06-11 20:12:38,265 - INFO - create_objects -    Bus created: ID_heat_bus
2022-06-11 20:12:38,266 - INFO - create_objects -    Bus created: ID_gas_bus
2022-06-11 20:12:38,266 - INFO - create_objects -    Bus created: ID_cooling_bus
2022-06-11 20:12:38,266 - INFO - create_objects -    Bus created: ID_pv_bus
2022-06-11 20:12:38,267 - INFO - create_objects -    Bus created: ID_hp_electricity_bus
2022-06-11 20:12:38,267 - INFO - create_objects -    Bus created: district_chp_electricity_bus
2022-06-11 20:12:38,268 - INFO - create_objects -    Bus created: district_gas_bus
2022-06-11 20:12:38,268 - INFO - create_objects -    Bus created: district_heat_bus
2022-06-11 20:12:38,270 - INFO - create_objects -    Transformer created: ID_gasheating_transformer
2022-06-11 20:12:38,271 - INFO - create_objects -    Sink created: ID_electricity_sink
2022-06-11 20:12:38,273 - INFO - create_objects -    Link created: ID_pv_to_ID_electricity_link
2022-06-11 20:12:38,274 - INFO - create_objects -    Storage created: ID_battery_storage
2022-06-11 20:12:38,283 - INFO - create_objects -    Sink created: ID_heat_sink
2022-06-11 20:12:38,284 - INFO - create_objects -    Link created: ID_electricity_to_ID_hp_electricity_bus
2022-06-11 20:12:38,285 - INFO - create_objects -    Storage created: ID_thermal_storage
2022-06-11 20:12:38,286 - INFO - create_objects -    Sink created: ID_cooling_sink
2022-06-11 20:12:38,293 - INFO - create_objects -    Bus created: ID_GCHP_transformer_low_temp_bus
2022-06-11 20:12:38,293 - INFO - create_objects -    Heat Source created: ID_GCHP_transformer_low_temp_source
2022-06-11 20:12:38,294 - INFO - create_objects -    ID_GCHP_transformer, Average Coefficient of Performance (COP): 4.32
2022-06-11 20:12:38,296 - INFO - create_objects -    Transformer created: ID_GCHP_transformer
2022-06-11 20:12:38,296 - INFO - create_objects -    Bus created: ID_ASCH_transformer_high_temp_bus
2022-06-11 20:12:38,297 - INFO - create_objects -    Heat Source created: ID_ASCH_transformer_high_temp_source
2022-06-11 20:12:38,297 - INFO - create_objects -    ID_ASCH_transformer, Average Coefficient of Performance (COP): 7.88
2022-06-11 20:12:38,299 - INFO - create_objects -    Transformer created: ID_ASCH_transformer
2022-06-11 20:12:38,302 - INFO - create_objects -    Bus created: ID_AbsCH_transformer_high_temp_bus
2022-06-11 20:12:38,305 - INFO - create_objects -    ID_AbsCH_transformer, Average Coefficient of Performance (COP): 0.80
2022-06-11 20:12:38,306 - INFO - create_objects -    Heat Source created:ID_AbsCH_transformer_high_temp_source
2022-06-11 20:12:38,306 - INFO - create_objects -    Transformer created: ID_AbsCH_transformer
2022-06-11 20:12:38,306 - INFO - create_objects -    Bus created: ID_ASHP_transformer_low_temp_bus
2022-06-11 20:12:38,307 - INFO - create_objects -    Heat Source created: ID_ASHP_transformer_low_temp_source
2022-06-11 20:12:38,307 - INFO - create_objects -    ID_ASHP_transformer, Average Coefficient of Performance (COP): 2.70
2022-06-11 20:12:38,309 - INFO - create_objects -    Transformer created: ID_ASHP_transformer
2022-06-11 20:12:38,310 - INFO - create_objects -    Transformer created: ID_chp_transformer
2022-06-11 20:12:38,394 - INFO - district_heating - 	 Connected ID to district heating network
2022-06-11 20:12:38,415 - INFO - district_heating - 	 Connected district_heat_bus to district heating network
2022-06-11 20:12:38,422 - DEBUG - _tools - os.makedirs('results/scenario_v0.3.0_2022-06-11--20-12-33')
2022-06-11 20:12:38,422 - DEBUG - saving - write lines to 'results/scenario_v0.3.0_2022-06-11--20-12-33/graph.gv'
2022-06-11 20:12:38,423 - DEBUG - execute - run [PosixPath('dot'), '-Kdot', '-Tpng', '-O', 'graph.gv']
2022-06-11 20:12:38,868 - INFO - optimize_model -    *********************************************************
2022-06-11 20:12:38,869 - INFO - optimize_model -    Create Energy System...
