******************************************************
2022-06-11 19:39:39,779 - INFO - logger - Path for logging: results/scenario_v0.3.0_2022-06-11--19-39-39/oemof.log
2022-06-11 19:39:42,440 - INFO - create_energy_system - 	 Spreadsheet scenario successfully imported.
2022-06-11 19:39:43,746 - INFO - create_energy_system - Date time index successfully defined:
 start date:          2012-01-01 00:00:00,
 end date:            2012-01-18 23:00:00,
 temporal resolution: h
2022-06-11 19:39:43,747 - INFO - create_objects -    Bus created: ID_electricity_bus
2022-06-11 19:39:43,748 - INFO - create_objects -    Bus created: ID_heat_bus
2022-06-11 19:39:43,748 - INFO - create_objects -    Bus created: ID_gas_bus
2022-06-11 19:39:43,748 - INFO - create_objects -    Bus created: ID_cooling_bus
2022-06-11 19:39:43,749 - INFO - create_objects -    Bus created: ID_pv_bus
2022-06-11 19:39:43,749 - INFO - create_objects -    Bus created: ID_hp_electricity_bus
2022-06-11 19:39:43,750 - INFO - create_objects -    Bus created: district_chp_electricity_bus
2022-06-11 19:39:43,750 - INFO - create_objects -    Bus created: district_gas_bus
2022-06-11 19:39:43,750 - INFO - create_objects -    Bus created: district_heat_bus
2022-06-11 19:39:43,753 - INFO - create_objects -    Sink created: ID_electricity_sink
2022-06-11 19:39:43,760 - INFO - create_objects -    Transformer created: ID_gasheating_transformer
2022-06-11 19:39:43,762 - INFO - create_objects -    Link created: ID_pv_to_ID_electricity_link
2022-06-11 19:39:43,763 - INFO - create_objects -    Storage created: ID_battery_storage
2022-06-11 19:39:43,766 - INFO - create_objects -    Sink created: ID_heat_sink
2022-06-11 19:39:43,767 - INFO - create_objects -    Link created: ID_electricity_to_ID_hp_electricity_bus
2022-06-11 19:39:43,768 - INFO - create_objects -    Storage created: ID_thermal_storage
2022-06-11 19:39:43,769 - INFO - create_objects -    Sink created: ID_cooling_sink
2022-06-11 19:39:43,786 - INFO - create_objects -    Bus created: ID_GCHP_transformer_low_temp_bus
2022-06-11 19:39:43,786 - INFO - create_objects -    Heat Source created: ID_GCHP_transformer_low_temp_source
2022-06-11 19:39:43,787 - INFO - create_objects -    ID_GCHP_transformer, Average Coefficient of Performance (COP): 4.32
2022-06-11 19:39:43,789 - INFO - create_objects -    Transformer created: ID_GCHP_transformer
2022-06-11 19:39:43,790 - INFO - create_objects -    Bus created: ID_ASCH_transformer_high_temp_bus
2022-06-11 19:39:43,790 - INFO - create_objects -    Heat Source created: ID_ASCH_transformer_high_temp_source
2022-06-11 19:39:43,791 - INFO - create_objects -    ID_ASCH_transformer, Average Coefficient of Performance (COP): 7.88
2022-06-11 19:39:43,793 - INFO - create_objects -    Transformer created: ID_ASCH_transformer
2022-06-11 19:39:43,797 - INFO - create_objects -    Bus created: ID_AbsCH_transformer_high_temp_bus
2022-06-11 19:39:43,800 - INFO - create_objects -    ID_AbsCH_transformer, Average Coefficient of Performance (COP): 0.80
2022-06-11 19:39:43,801 - INFO - create_objects -    Heat Source created:ID_AbsCH_transformer_high_temp_source
2022-06-11 19:39:43,801 - INFO - create_objects -    Transformer created: ID_AbsCH_transformer
2022-06-11 19:39:43,802 - INFO - create_objects -    Bus created: ID_ASHP_transformer_low_temp_bus
2022-06-11 19:39:43,802 - INFO - create_objects -    Heat Source created: ID_ASHP_transformer_low_temp_source
2022-06-11 19:39:43,803 - INFO - create_objects -    ID_ASHP_transformer, Average Coefficient of Performance (COP): 2.70
2022-06-11 19:39:43,805 - INFO - create_objects -    Transformer created: ID_ASHP_transformer
2022-06-11 19:39:43,806 - INFO - create_objects -    Transformer created: ID_chp_transformer
2022-06-11 19:39:43,880 - INFO - Source - 	 Source created: ID_photovoltaic_electricity_source
2022-06-11 19:39:44,557 - INFO - Source - 	 Source created: ID_solar_thermal_source, Max Heat power output per year and m²: 12.32 kWh/(m²a), Irradiance on collector per year and m²: 28.98 kWh/(m²a)
2022-06-11 19:39:44,612 - DEBUG - modelchain - Calculating wind speed using logarithmic wind profile.
2022-06-11 19:39:44,618 - DEBUG - modelchain - Calculating power output using power curve.
2022-06-11 19:39:44,619 - INFO - Source - 	 Source created: wind_turbine
2022-06-11 19:39:44,705 - INFO - district_heating - 	 Connected ID to district heating network
2022-06-11 19:39:44,724 - INFO - district_heating - 	 Connected district_heat_bus to district heating network
2022-06-11 19:39:44,730 - DEBUG - _tools - os.makedirs('results/scenario_v0.3.0_2022-06-11--19-39-39')
2022-06-11 19:39:44,731 - DEBUG - saving - write lines to 'results/scenario_v0.3.0_2022-06-11--19-39-39/graph.gv'
2022-06-11 19:39:44,731 - DEBUG - execute - run [PosixPath('dot'), '-Kdot', '-Tpng', '-O', 'graph.gv']
2022-06-11 19:39:45,170 - INFO - optimize_model -    *********************************************************
2022-06-11 19:39:45,171 - INFO - optimize_model -    Create Energy System...
2022-06-11 19:39:46,623 - INFO - optimize_model -    *********************************************************
2022-06-11 19:39:46,623 - INFO - optimize_model -    Starting Optimization with gurobi-Solver
2022-06-11 19:39:48,595 - INFO - models - Optimization successful...
2022-06-11 19:39:48,697 - INFO - optimize_model - 	 Memory Usage during processing:[398.046875]
2022-06-11 19:39:49,697 - INFO - create_results -    Results saved as xlsx for ID_electricity_bus
2022-06-11 19:39:49,916 - INFO - create_results -    Results saved as xlsx for ID_heat_bus
2022-06-11 19:39:50,027 - INFO - create_results -    Results saved as xlsx for ID_gas_bus
2022-06-11 19:39:50,216 - INFO - create_results -    Results saved as xlsx for ID_cooling_bus
2022-06-11 19:39:50,406 - INFO - create_results -    Results saved as xlsx for ID_pv_bus
2022-06-11 19:39:50,699 - INFO - create_results -    Results saved as xlsx for ID_hp_electricity_bus
2022-06-11 19:39:50,770 - INFO - create_results -    Results saved as xlsx for district_chp_electricity_bus
2022-06-11 19:39:50,843 - INFO - create_results -    Results saved as xlsx for district_gas_bus
2022-06-11 19:39:50,920 - INFO - create_results -    Results saved as xlsx for district_heat_bus
2022-06-11 19:39:52,004 - INFO - create_results -    Successfully prepared results...
2022-06-11 19:39:52,005 - INFO - Spreadsheet_Energy_System_Model_Generator - 	 --------------------------------------------------------
2022-06-11 19:39:52,005 - INFO - Spreadsheet_Energy_System_Model_Generator - 	 Modelling and optimization successfully completed!
