******************************************************
2022-06-11 20:47:18,370 - INFO - logger - Path for logging: results/scenario_v0.3.0_2022-06-11--20-47-18/oemof.log
2022-06-11 20:47:22,241 - INFO - create_energy_system - 	 Spreadsheet scenario successfully imported.
2022-06-11 20:47:23,566 - INFO - create_energy_system - Date time index successfully defined:
 start date:          2012-01-01 00:00:00,
 end date:            2012-01-18 23:00:00,
 temporal resolution: h
2022-06-11 20:47:23,567 - INFO - create_objects -    Bus created: ID_electricity_bus
2022-06-11 20:47:23,568 - INFO - create_objects -    Bus created: ID_heat_bus
2022-06-11 20:47:23,569 - INFO - create_objects -    Bus created: ID_gas_bus
2022-06-11 20:47:23,570 - INFO - create_objects -    Bus created: ID_cooling_bus
2022-06-11 20:47:23,570 - INFO - create_objects -    Bus created: ID_pv_bus
2022-06-11 20:47:23,571 - INFO - create_objects -    Bus created: ID_hp_electricity_bus
2022-06-11 20:47:23,572 - INFO - create_objects -    Bus created: district_chp_electricity_bus
2022-06-11 20:47:23,573 - INFO - create_objects -    Bus created: district_gas_bus
2022-06-11 20:47:23,573 - INFO - create_objects -    Bus created: district_heat_bus
2022-06-11 20:47:23,577 - INFO - create_objects -    Link created: ID_pv_to_ID_electricity_link
2022-06-11 20:47:23,578 - INFO - create_objects -    Storage created: ID_battery_storage
2022-06-11 20:47:23,579 - INFO - create_objects -    Link created: ID_electricity_to_ID_hp_electricity_bus
2022-06-11 20:47:23,579 - INFO - create_objects -    Transformer created: ID_gasheating_transformer
2022-06-11 20:47:23,584 - INFO - create_objects -    Storage created: ID_thermal_storage
2022-06-11 20:47:23,586 - INFO - create_objects -    Sink created: ID_electricity_sink
2022-06-11 20:47:23,600 - INFO - create_objects -    Sink created: ID_heat_sink
2022-06-11 20:47:23,602 - INFO - create_objects -    Sink created: ID_cooling_sink
2022-06-11 20:47:23,621 - INFO - create_objects -    Bus created: ID_GCHP_transformer_low_temp_bus
2022-06-11 20:47:23,621 - INFO - create_objects -    Heat Source created: ID_GCHP_transformer_low_temp_source
2022-06-11 20:47:23,622 - INFO - create_objects -    ID_GCHP_transformer, Average Coefficient of Performance (COP): 4.32
2022-06-11 20:47:23,624 - INFO - create_objects -    Transformer created: ID_GCHP_transformer
2022-06-11 20:47:23,625 - INFO - create_objects -    Bus created: ID_ASCH_transformer_high_temp_bus
2022-06-11 20:47:23,625 - INFO - create_objects -    Heat Source created: ID_ASCH_transformer_high_temp_source
2022-06-11 20:47:23,626 - INFO - create_objects -    ID_ASCH_transformer, Average Coefficient of Performance (COP): 7.88
2022-06-11 20:47:23,629 - INFO - create_objects -    Transformer created: ID_ASCH_transformer
2022-06-11 20:47:23,634 - INFO - create_objects -    Bus created: ID_AbsCH_transformer_high_temp_bus
2022-06-11 20:47:23,639 - INFO - create_objects -    ID_AbsCH_transformer, Average Coefficient of Performance (COP): 0.80
2022-06-11 20:47:23,640 - INFO - create_objects -    Heat Source created:ID_AbsCH_transformer_high_temp_source
2022-06-11 20:47:23,640 - INFO - create_objects -    Transformer created: ID_AbsCH_transformer
2022-06-11 20:47:23,641 - INFO - create_objects -    Bus created: ID_ASHP_transformer_low_temp_bus
2022-06-11 20:47:23,641 - INFO - create_objects -    Heat Source created: ID_ASHP_transformer_low_temp_source
2022-06-11 20:47:23,642 - INFO - create_objects -    ID_ASHP_transformer, Average Coefficient of Performance (COP): 2.70
2022-06-11 20:47:23,645 - INFO - create_objects -    Transformer created: ID_ASHP_transformer
2022-06-11 20:47:23,646 - INFO - create_objects -    Transformer created: ID_chp_transformer
2022-06-11 20:47:23,726 - INFO - Source - 	 Source created: ID_photovoltaic_electricity_source
2022-06-11 20:47:24,392 - INFO - Source - 	 Source created: ID_solar_thermal_source
2022-06-11 20:47:24,392 - INFO - Source - 	 Source created: ID_solar_thermal_source, Max Heat power output per year and m²: 12.32 kWh/(m²a), Irradiance on collector per year and m²: 28.98 kWh/(m²a)
2022-06-11 20:47:24,486 - INFO - district_heating - 	 Connected ID to district heating network
2022-06-11 20:47:24,509 - INFO - district_heating - 	 Connected district_heat_bus to district heating network
2022-06-11 20:47:24,516 - DEBUG - _tools - os.makedirs('results/scenario_v0.3.0_2022-06-11--20-47-18')
2022-06-11 20:47:24,516 - DEBUG - saving - write lines to 'results/scenario_v0.3.0_2022-06-11--20-47-18/graph.gv'
2022-06-11 20:47:24,517 - DEBUG - execute - run [PosixPath('dot'), '-Kdot', '-Tpng', '-O', 'graph.gv']
2022-06-11 20:47:24,942 - INFO - optimize_model -    *********************************************************
2022-06-11 20:47:24,944 - INFO - optimize_model -    Create Energy System...
2022-06-11 20:47:26,576 - INFO - optimize_model -    *********************************************************
2022-06-11 20:47:26,576 - INFO - optimize_model -    Starting Optimization with gurobi-Solver
2022-06-11 20:47:28,981 - INFO - models - Optimization successful...
2022-06-11 20:47:29,082 - INFO - optimize_model - 	 Memory Usage during processing:[397.29296875]
2022-06-11 20:47:29,857 - INFO - create_results -    Results saved as xlsx for ID_electricity_bus
2022-06-11 20:47:29,964 - INFO - create_results -    Results saved as xlsx for ID_heat_bus
2022-06-11 20:47:30,022 - INFO - create_results -    Results saved as xlsx for ID_gas_bus
2022-06-11 20:47:30,102 - INFO - create_results -    Results saved as xlsx for ID_cooling_bus
2022-06-11 20:47:30,176 - INFO - create_results -    Results saved as xlsx for ID_pv_bus
2022-06-11 20:47:30,275 - INFO - create_results -    Results saved as xlsx for ID_hp_electricity_bus
2022-06-11 20:47:30,356 - INFO - create_results -    Results saved as xlsx for district_chp_electricity_bus
2022-06-11 20:47:30,429 - INFO - create_results -    Results saved as xlsx for district_gas_bus
2022-06-11 20:47:30,489 - INFO - create_results -    Results saved as xlsx for district_heat_bus
2022-06-11 20:47:31,560 - INFO - create_results -    Successfully prepared results...
2022-06-11 20:47:31,561 - INFO - Spreadsheet_Energy_System_Model_Generator - 	 --------------------------------------------------------
2022-06-11 20:47:31,561 - INFO - Spreadsheet_Energy_System_Model_Generator - 	 Modelling and optimization successfully completed!
