******************************************************
2022-06-11 20:01:33,664 - INFO - logger - Path for logging: results/scenario_v0.3.0_2022-06-11--20-01-33/oemof.log
2022-06-11 20:01:37,261 - INFO - create_energy_system - 	 Spreadsheet scenario successfully imported.
2022-06-11 20:01:38,564 - INFO - create_energy_system - Date time index successfully defined:
 start date:          2012-01-01 00:00:00,
 end date:            2012-01-18 23:00:00,
 temporal resolution: h
2022-06-11 20:01:38,564 - INFO - create_objects -    Bus created: ID_electricity_bus
2022-06-11 20:01:38,565 - INFO - create_objects -    Bus created: ID_heat_bus
2022-06-11 20:01:38,566 - INFO - create_objects -    Bus created: ID_gas_bus
2022-06-11 20:01:38,566 - INFO - create_objects -    Bus created: ID_cooling_bus
2022-06-11 20:01:38,566 - INFO - create_objects -    Bus created: ID_pv_bus
2022-06-11 20:01:38,567 - INFO - create_objects -    Bus created: ID_hp_electricity_bus
2022-06-11 20:01:38,567 - INFO - create_objects -    Bus created: district_chp_electricity_bus
2022-06-11 20:01:38,567 - INFO - create_objects -    Bus created: district_gas_bus
2022-06-11 20:01:38,568 - INFO - create_objects -    Bus created: district_heat_bus
2022-06-11 20:01:38,570 - INFO - create_objects -    Transformer created: ID_gasheating_transformer
2022-06-11 20:01:38,571 - INFO - create_objects -    Link created: ID_pv_to_ID_electricity_link
2022-06-11 20:01:38,572 - INFO - create_objects -    Storage created: ID_battery_storage
2022-06-11 20:01:38,574 - INFO - create_objects -    Sink created: ID_electricity_sink
2022-06-11 20:01:38,574 - INFO - create_objects -    Link created: ID_electricity_to_ID_hp_electricity_bus
2022-06-11 20:01:38,575 - INFO - create_objects -    Storage created: ID_thermal_storage
2022-06-11 20:01:38,583 - INFO - create_objects -    Sink created: ID_heat_sink
2022-06-11 20:01:38,586 - INFO - create_objects -    Sink created: ID_cooling_sink
2022-06-11 20:01:38,592 - INFO - create_objects -    Bus created: ID_GCHP_transformer_low_temp_bus
2022-06-11 20:01:38,592 - INFO - create_objects -    Heat Source created: ID_GCHP_transformer_low_temp_source
2022-06-11 20:01:38,593 - INFO - create_objects -    ID_GCHP_transformer, Average Coefficient of Performance (COP): 4.32
2022-06-11 20:01:38,595 - INFO - create_objects -    Transformer created: ID_GCHP_transformer
2022-06-11 20:01:38,596 - INFO - create_objects -    Bus created: ID_ASCH_transformer_high_temp_bus
2022-06-11 20:01:38,596 - INFO - create_objects -    Heat Source created: ID_ASCH_transformer_high_temp_source
2022-06-11 20:01:38,597 - INFO - create_objects -    ID_ASCH_transformer, Average Coefficient of Performance (COP): 7.88
2022-06-11 20:01:38,599 - INFO - create_objects -    Transformer created: ID_ASCH_transformer
2022-06-11 20:01:38,602 - INFO - create_objects -    Bus created: ID_AbsCH_transformer_high_temp_bus
2022-06-11 20:01:38,605 - INFO - create_objects -    ID_AbsCH_transformer, Average Coefficient of Performance (COP): 0.80
2022-06-11 20:01:38,605 - INFO - create_objects -    Heat Source created:ID_AbsCH_transformer_high_temp_source
2022-06-11 20:01:38,606 - INFO - create_objects -    Transformer created: ID_AbsCH_transformer
2022-06-11 20:01:38,606 - INFO - create_objects -    Bus created: ID_ASHP_transformer_low_temp_bus
2022-06-11 20:01:38,606 - INFO - create_objects -    Heat Source created: ID_ASHP_transformer_low_temp_source
2022-06-11 20:01:38,607 - INFO - create_objects -    ID_ASHP_transformer, Average Coefficient of Performance (COP): 2.70
2022-06-11 20:01:38,609 - INFO - create_objects -    Transformer created: ID_ASHP_transformer
2022-06-11 20:01:38,610 - INFO - create_objects -    Transformer created: ID_chp_transformer
2022-06-11 20:01:38,692 - INFO - district_heating - 	 Connected ID to district heating network
2022-06-11 20:01:38,710 - INFO - district_heating - 	 Connected district_heat_bus to district heating network
2022-06-11 20:01:38,717 - DEBUG - _tools - os.makedirs('results/scenario_v0.3.0_2022-06-11--20-01-33')
2022-06-11 20:01:38,717 - DEBUG - saving - write lines to 'results/scenario_v0.3.0_2022-06-11--20-01-33/graph.gv'
2022-06-11 20:01:38,717 - DEBUG - execute - run [PosixPath('dot'), '-Kdot', '-Tpng', '-O', 'graph.gv']
2022-06-11 20:01:39,183 - INFO - optimize_model -    *********************************************************
2022-06-11 20:01:39,184 - INFO - optimize_model -    Create Energy System...
