******************************************************
2022-06-11 20:20:18,233 - INFO - logger - Path for logging: results/scenario_v0.3.0_2022-06-11--20-20-18/oemof.log
2022-06-11 20:20:20,942 - INFO - create_energy_system - 	 Spreadsheet scenario successfully imported.
2022-06-11 20:20:22,260 - INFO - create_energy_system - Date time index successfully defined:
 start date:          2012-01-01 00:00:00,
 end date:            2012-01-18 23:00:00,
 temporal resolution: h
2022-06-11 20:20:22,261 - INFO - create_objects -    Bus created: ID_electricity_bus
2022-06-11 20:20:22,262 - INFO - create_objects -    Bus created: ID_heat_bus
2022-06-11 20:20:22,262 - INFO - create_objects -    Bus created: ID_gas_bus
2022-06-11 20:20:22,263 - INFO - create_objects -    Bus created: ID_cooling_bus
2022-06-11 20:20:22,263 - INFO - create_objects -    Bus created: ID_pv_bus
2022-06-11 20:20:22,264 - INFO - create_objects -    Bus created: ID_hp_electricity_bus
2022-06-11 20:20:22,264 - INFO - create_objects -    Bus created: district_chp_electricity_bus
2022-06-11 20:20:22,264 - INFO - create_objects -    Bus created: district_gas_bus
2022-06-11 20:20:22,265 - INFO - create_objects -    Bus created: district_heat_bus
2022-06-11 20:20:22,269 - INFO - create_objects -    Transformer created: ID_gasheating_transformer
2022-06-11 20:20:22,272 - INFO - create_objects -    Storage created: ID_battery_storage
2022-06-11 20:20:22,273 - INFO - create_objects -    Sink created: ID_electricity_sink
2022-06-11 20:20:22,274 - INFO - create_objects -    Link created: ID_pv_to_ID_electricity_link
2022-06-11 20:20:22,275 - INFO - create_objects -    Storage created: ID_thermal_storage
2022-06-11 20:20:22,286 - INFO - create_objects -    Sink created: ID_heat_sink
2022-06-11 20:20:22,287 - INFO - create_objects -    Link created: ID_electricity_to_ID_hp_electricity_bus
2022-06-11 20:20:22,290 - INFO - create_objects -    Sink created: ID_cooling_sink
2022-06-11 20:20:22,308 - INFO - create_objects -    Bus created: ID_GCHP_transformer_low_temp_bus
2022-06-11 20:20:22,309 - INFO - create_objects -    Heat Source created: ID_GCHP_transformer_low_temp_source
2022-06-11 20:20:22,310 - INFO - create_objects -    ID_GCHP_transformer, Average Coefficient of Performance (COP): 4.32
2022-06-11 20:20:22,313 - INFO - create_objects -    Transformer created: ID_GCHP_transformer
2022-06-11 20:20:22,313 - INFO - create_objects -    Bus created: ID_ASCH_transformer_high_temp_bus
2022-06-11 20:20:22,314 - INFO - create_objects -    Heat Source created: ID_ASCH_transformer_high_temp_source
2022-06-11 20:20:22,314 - INFO - create_objects -    ID_ASCH_transformer, Average Coefficient of Performance (COP): 7.88
2022-06-11 20:20:22,317 - INFO - create_objects -    Transformer created: ID_ASCH_transformer
2022-06-11 20:20:22,321 - INFO - create_objects -    Bus created: ID_AbsCH_transformer_high_temp_bus
2022-06-11 20:20:22,325 - INFO - create_objects -    ID_AbsCH_transformer, Average Coefficient of Performance (COP): 0.80
2022-06-11 20:20:22,328 - INFO - create_objects -    Heat Source created:ID_AbsCH_transformer_high_temp_source
2022-06-11 20:20:22,328 - INFO - create_objects -    Transformer created: ID_AbsCH_transformer
2022-06-11 20:20:22,329 - INFO - create_objects -    Bus created: ID_ASHP_transformer_low_temp_bus
2022-06-11 20:20:22,329 - INFO - create_objects -    Heat Source created: ID_ASHP_transformer_low_temp_source
2022-06-11 20:20:22,330 - INFO - create_objects -    ID_ASHP_transformer, Average Coefficient of Performance (COP): 2.70
2022-06-11 20:20:22,333 - INFO - create_objects -    Transformer created: ID_ASHP_transformer
2022-06-11 20:20:22,334 - INFO - create_objects -    Transformer created: ID_chp_transformer
2022-06-11 20:20:22,428 - INFO - Source - 	 Source created: ID_photovoltaic_electricity_source
2022-06-11 20:20:23,250 - INFO - Source - 	 Source created: ID_solar_thermal_source
2022-06-11 20:20:23,250 - INFO - Source - 	 Source created: ID_solar_thermal_source, Max Heat power output per year and m²: 12.32 kWh/(m²a), Irradiance on collector per year and m²: 28.98 kWh/(m²a)
2022-06-11 20:20:23,369 - INFO - district_heating - 	 Connected ID to district heating network
2022-06-11 20:20:23,401 - INFO - district_heating - 	 Connected district_heat_bus to district heating network
2022-06-11 20:20:23,409 - DEBUG - _tools - os.makedirs('results/scenario_v0.3.0_2022-06-11--20-20-18')
2022-06-11 20:20:23,409 - DEBUG - saving - write lines to 'results/scenario_v0.3.0_2022-06-11--20-20-18/graph.gv'
2022-06-11 20:20:23,410 - DEBUG - execute - run [PosixPath('dot'), '-Kdot', '-Tpng', '-O', 'graph.gv']
2022-06-11 20:20:24,451 - INFO - optimize_model -    *********************************************************
2022-06-11 20:20:24,452 - INFO - optimize_model -    Create Energy System...
2022-06-11 20:20:26,475 - INFO - optimize_model -    *********************************************************
2022-06-11 20:20:26,481 - INFO - optimize_model -    Starting Optimization with gurobi-Solver
2022-06-11 20:20:28,498 - INFO - models - Optimization successful...
2022-06-11 20:20:28,600 - INFO - optimize_model - 	 Memory Usage during processing:[396.9609375]
2022-06-11 20:20:29,323 - INFO - create_results -    Results saved as xlsx for ID_electricity_bus
2022-06-11 20:20:29,431 - INFO - create_results -    Results saved as xlsx for ID_heat_bus
2022-06-11 20:20:29,489 - INFO - create_results -    Results saved as xlsx for ID_gas_bus
2022-06-11 20:20:29,572 - INFO - create_results -    Results saved as xlsx for ID_cooling_bus
2022-06-11 20:20:29,642 - INFO - create_results -    Results saved as xlsx for ID_pv_bus
2022-06-11 20:20:29,738 - INFO - create_results -    Results saved as xlsx for ID_hp_electricity_bus
2022-06-11 20:20:29,804 - INFO - create_results -    Results saved as xlsx for district_chp_electricity_bus
2022-06-11 20:20:29,867 - INFO - create_results -    Results saved as xlsx for district_gas_bus
2022-06-11 20:20:29,924 - INFO - create_results -    Results saved as xlsx for district_heat_bus
2022-06-11 20:20:30,839 - INFO - create_results -    Successfully prepared results...
2022-06-11 20:20:30,839 - INFO - Spreadsheet_Energy_System_Model_Generator - 	 --------------------------------------------------------
2022-06-11 20:20:30,839 - INFO - Spreadsheet_Energy_System_Model_Generator - 	 Modelling and optimization successfully completed!
