******************************************************
2022-06-11 19:21:13,969 - INFO - logger - Path for logging: results/scenario_v0.3.0_2022-06-11--19-21-13/oemof.log
2022-06-11 19:21:17,761 - INFO - create_energy_system - 	 Spreadsheet scenario successfully imported.
2022-06-11 19:21:19,088 - INFO - create_energy_system - Date time index successfully defined:
 start date:          2012-01-01 00:00:00,
 end date:            2012-01-18 23:00:00,
 temporal resolution: h
2022-06-11 19:21:19,089 - INFO - create_objects -    Bus created: ID_electricity_bus
2022-06-11 19:21:19,090 - INFO - create_objects -    Bus created: ID_heat_bus
2022-06-11 19:21:19,090 - INFO - create_objects -    Bus created: ID_gas_bus
2022-06-11 19:21:19,091 - INFO - create_objects -    Bus created: ID_cooling_bus
2022-06-11 19:21:19,091 - INFO - create_objects -    Bus created: ID_pv_bus
2022-06-11 19:21:19,091 - INFO - create_objects -    Bus created: ID_hp_electricity_bus
2022-06-11 19:21:19,092 - INFO - create_objects -    Bus created: district_chp_electricity_bus
2022-06-11 19:21:19,092 - INFO - create_objects -    Bus created: district_gas_bus
2022-06-11 19:21:19,092 - INFO - create_objects -    Bus created: district_heat_bus
2022-06-11 19:21:19,096 - INFO - create_objects -    Sink created: ID_electricity_sink
2022-06-11 19:21:19,098 - INFO - create_objects -    Storage created: ID_battery_storage
2022-06-11 19:21:19,098 - INFO - create_objects -    Transformer created: ID_gasheating_transformer
2022-06-11 19:21:19,099 - INFO - create_objects -    Link created: ID_pv_to_ID_electricity_link
2022-06-11 19:21:19,108 - INFO - create_objects -    Sink created: ID_heat_sink
2022-06-11 19:21:19,108 - INFO - create_objects -    Storage created: ID_thermal_storage
2022-06-11 19:21:19,111 - INFO - create_objects -    Link created: ID_electricity_to_ID_hp_electricity_bus
2022-06-11 19:21:19,112 - INFO - create_objects -    Sink created: ID_cooling_sink
2022-06-11 19:21:19,128 - INFO - create_objects -    Bus created: ID_GCHP_transformer_low_temp_bus
2022-06-11 19:21:19,129 - INFO - create_objects -    Heat Source created: ID_GCHP_transformer_low_temp_source
2022-06-11 19:21:19,130 - INFO - create_objects -    ID_GCHP_transformer, Average Coefficient of Performance (COP): 4.32
2022-06-11 19:21:19,132 - INFO - create_objects -    Transformer created: ID_GCHP_transformer
2022-06-11 19:21:19,132 - INFO - create_objects -    Bus created: ID_ASCH_transformer_high_temp_bus
2022-06-11 19:21:19,132 - INFO - create_objects -    Heat Source created: ID_ASCH_transformer_high_temp_source
2022-06-11 19:21:19,133 - INFO - create_objects -    ID_ASCH_transformer, Average Coefficient of Performance (COP): 7.88
2022-06-11 19:21:19,135 - INFO - create_objects -    Transformer created: ID_ASCH_transformer
2022-06-11 19:21:19,138 - INFO - create_objects -    Bus created: ID_AbsCH_transformer_high_temp_bus
2022-06-11 19:21:19,142 - INFO - create_objects -    ID_AbsCH_transformer, Average Coefficient of Performance (COP): 0.80
2022-06-11 19:21:19,142 - INFO - create_objects -    Heat Source created:ID_AbsCH_transformer_high_temp_source
2022-06-11 19:21:19,144 - INFO - create_objects -    Transformer created: ID_AbsCH_transformer
2022-06-11 19:21:19,145 - INFO - create_objects -    Bus created: ID_ASHP_transformer_low_temp_bus
2022-06-11 19:21:19,145 - INFO - create_objects -    Heat Source created: ID_ASHP_transformer_low_temp_source
2022-06-11 19:21:19,146 - INFO - create_objects -    ID_ASHP_transformer, Average Coefficient of Performance (COP): 2.70
2022-06-11 19:21:19,148 - INFO - create_objects -    Transformer created: ID_ASHP_transformer
2022-06-11 19:21:19,149 - INFO - create_objects -    Transformer created: ID_chp_transformer
2022-06-11 19:21:19,229 - INFO - Source - 	 Source created: ID_photovoltaic_electricity_source
2022-06-11 19:21:19,907 - INFO - Source - 	 Source created: ID_solar_thermal_source, Max Heat power output per year and m²: 12.32 kWh/(m²a), Irradiance on collector per year and m²: 28.98 kWh/(m²a)
2022-06-11 19:21:20,001 - INFO - district_heating - 	 Connected ID to district heating network
2022-06-11 19:21:20,022 - INFO - district_heating - 	 Connected district_heat_bus to district heating network
2022-06-11 19:21:20,029 - DEBUG - _tools - os.makedirs('results/scenario_v0.3.0_2022-06-11--19-21-13')
2022-06-11 19:21:20,029 - DEBUG - saving - write lines to 'results/scenario_v0.3.0_2022-06-11--19-21-13/graph.gv'
2022-06-11 19:21:20,030 - DEBUG - execute - run [PosixPath('dot'), '-Kdot', '-Tpng', '-O', 'graph.gv']
2022-06-11 19:21:20,476 - INFO - optimize_model -    *********************************************************
2022-06-11 19:21:20,477 - INFO - optimize_model -    Create Energy System...
2022-06-11 19:21:22,025 - INFO - optimize_model -    *********************************************************
2022-06-11 19:21:22,026 - INFO - optimize_model -    Starting Optimization with gurobi-Solver
2022-06-11 19:21:24,416 - INFO - models - Optimization successful...
2022-06-11 19:21:24,517 - INFO - optimize_model - 	 Memory Usage during processing:[397.5703125]
2022-06-11 19:21:25,541 - INFO - create_results -    Results saved as xlsx for ID_electricity_bus
2022-06-11 19:21:25,746 - INFO - create_results -    Results saved as xlsx for ID_heat_bus
2022-06-11 19:21:25,828 - INFO - create_results -    Results saved as xlsx for ID_gas_bus
2022-06-11 19:21:25,904 - INFO - create_results -    Results saved as xlsx for ID_cooling_bus
2022-06-11 19:21:25,980 - INFO - create_results -    Results saved as xlsx for ID_pv_bus
2022-06-11 19:21:26,131 - INFO - create_results -    Results saved as xlsx for ID_hp_electricity_bus
2022-06-11 19:21:26,248 - INFO - create_results -    Results saved as xlsx for district_chp_electricity_bus
2022-06-11 19:21:26,348 - INFO - create_results -    Results saved as xlsx for district_gas_bus
2022-06-11 19:21:26,437 - INFO - create_results -    Results saved as xlsx for district_heat_bus
2022-06-11 19:21:27,687 - INFO - create_results -    Successfully prepared results...
2022-06-11 19:21:27,688 - INFO - Spreadsheet_Energy_System_Model_Generator - 	 --------------------------------------------------------
2022-06-11 19:21:27,688 - INFO - Spreadsheet_Energy_System_Model_Generator - 	 Modelling and optimization successfully completed!
