******************************************************
2022-06-11 19:18:45,511 - INFO - logger - Path for logging: results/scenario_v0.3.0_2022-06-11--19-18-45/oemof.log
2022-06-11 19:18:48,207 - INFO - create_energy_system - 	 Spreadsheet scenario successfully imported.
2022-06-11 19:18:49,537 - INFO - create_energy_system - Date time index successfully defined:
 start date:          2012-01-01 00:00:00,
 end date:            2012-01-18 23:00:00,
 temporal resolution: h
2022-06-11 19:18:49,538 - INFO - create_objects -    Bus created: ID_electricity_bus
2022-06-11 19:18:49,539 - INFO - create_objects -    Bus created: ID_heat_bus
2022-06-11 19:18:49,539 - INFO - create_objects -    Bus created: ID_gas_bus
2022-06-11 19:18:49,539 - INFO - create_objects -    Bus created: ID_cooling_bus
2022-06-11 19:18:49,540 - INFO - create_objects -    Bus created: ID_pv_bus
2022-06-11 19:18:49,540 - INFO - create_objects -    Bus created: ID_hp_electricity_bus
2022-06-11 19:18:49,540 - INFO - create_objects -    Bus created: district_chp_electricity_bus
2022-06-11 19:18:49,541 - INFO - create_objects -    Bus created: district_gas_bus
2022-06-11 19:18:49,541 - INFO - create_objects -    Bus created: district_heat_bus
2022-06-11 19:18:49,544 - INFO - create_objects -    Transformer created: ID_gasheating_transformer
2022-06-11 19:18:49,546 - INFO - create_objects -    Link created: ID_pv_to_ID_electricity_link
2022-06-11 19:18:49,546 - INFO - create_objects -    Storage created: ID_battery_storage
2022-06-11 19:18:49,548 - INFO - create_objects -    Sink created: ID_electricity_sink
2022-06-11 19:18:49,549 - INFO - create_objects -    Link created: ID_electricity_to_ID_hp_electricity_bus
2022-06-11 19:18:49,550 - INFO - create_objects -    Storage created: ID_thermal_storage
2022-06-11 19:18:49,559 - INFO - create_objects -    Sink created: ID_heat_sink
2022-06-11 19:18:49,563 - INFO - create_objects -    Sink created: ID_cooling_sink
2022-06-11 19:18:49,578 - INFO - create_objects -    Bus created: ID_GCHP_transformer_low_temp_bus
2022-06-11 19:18:49,578 - INFO - create_objects -    Heat Source created: ID_GCHP_transformer_low_temp_source
2022-06-11 19:18:49,579 - INFO - create_objects -    ID_GCHP_transformer, Average Coefficient of Performance (COP): 4.32
2022-06-11 19:18:49,581 - INFO - create_objects -    Transformer created: ID_GCHP_transformer
2022-06-11 19:18:49,582 - INFO - create_objects -    Bus created: ID_ASCH_transformer_high_temp_bus
2022-06-11 19:18:49,582 - INFO - create_objects -    Heat Source created: ID_ASCH_transformer_high_temp_source
2022-06-11 19:18:49,583 - INFO - create_objects -    ID_ASCH_transformer, Average Coefficient of Performance (COP): 7.88
2022-06-11 19:18:49,585 - INFO - create_objects -    Transformer created: ID_ASCH_transformer
2022-06-11 19:18:49,588 - INFO - create_objects -    Bus created: ID_AbsCH_transformer_high_temp_bus
2022-06-11 19:18:49,592 - INFO - create_objects -    ID_AbsCH_transformer, Average Coefficient of Performance (COP): 0.80
2022-06-11 19:18:49,592 - INFO - create_objects -    Heat Source created:ID_AbsCH_transformer_high_temp_source
2022-06-11 19:18:49,593 - INFO - create_objects -    Transformer created: ID_AbsCH_transformer
2022-06-11 19:18:49,593 - INFO - create_objects -    Bus created: ID_ASHP_transformer_low_temp_bus
2022-06-11 19:18:49,593 - INFO - create_objects -    Heat Source created: ID_ASHP_transformer_low_temp_source
2022-06-11 19:18:49,594 - INFO - create_objects -    ID_ASHP_transformer, Average Coefficient of Performance (COP): 2.70
2022-06-11 19:18:49,596 - INFO - create_objects -    Transformer created: ID_ASHP_transformer
2022-06-11 19:18:49,597 - INFO - create_objects -    Transformer created: ID_chp_transformer
2022-06-11 19:18:49,711 - INFO - Source - 	 Source created: ID_photovoltaic_electricity_source
2022-06-11 19:18:50,392 - INFO - Source - 	 Source created: ID_solar_thermal_source, Max Heat power output per year and m²: 12.32 kWh/(m²a), Irradiance on collector per year and m²: 28.98 kWh/(m²a)
2022-06-11 19:18:50,485 - INFO - district_heating - 	 Connected ID to district heating network
2022-06-11 19:18:50,505 - INFO - district_heating - 	 Connected district_heat_bus to district heating network
2022-06-11 19:18:50,511 - DEBUG - _tools - os.makedirs('results/scenario_v0.3.0_2022-06-11--19-18-45')
2022-06-11 19:18:50,511 - DEBUG - saving - write lines to 'results/scenario_v0.3.0_2022-06-11--19-18-45/graph.gv'
2022-06-11 19:18:50,512 - DEBUG - execute - run [PosixPath('dot'), '-Kdot', '-Tpng', '-O', 'graph.gv']
2022-06-11 19:18:51,040 - INFO - optimize_model -    *********************************************************
2022-06-11 19:18:51,041 - INFO - optimize_model -    Create Energy System...
2022-06-11 19:18:52,577 - INFO - optimize_model -    *********************************************************
2022-06-11 19:18:52,577 - INFO - optimize_model -    Starting Optimization with gurobi-Solver
2022-06-11 19:18:54,491 - INFO - models - Optimization successful...
2022-06-11 19:18:54,593 - INFO - optimize_model - 	 Memory Usage during processing:[397.17578125]
2022-06-11 19:18:55,300 - INFO - create_results -    Results saved as xlsx for ID_electricity_bus
2022-06-11 19:18:55,406 - INFO - create_results -    Results saved as xlsx for ID_heat_bus
2022-06-11 19:18:55,466 - INFO - create_results -    Results saved as xlsx for ID_gas_bus
2022-06-11 19:18:55,541 - INFO - create_results -    Results saved as xlsx for ID_cooling_bus
2022-06-11 19:18:55,610 - INFO - create_results -    Results saved as xlsx for ID_pv_bus
2022-06-11 19:18:55,704 - INFO - create_results -    Results saved as xlsx for ID_hp_electricity_bus
2022-06-11 19:18:55,769 - INFO - create_results -    Results saved as xlsx for district_chp_electricity_bus
2022-06-11 19:18:55,832 - INFO - create_results -    Results saved as xlsx for district_gas_bus
2022-06-11 19:18:55,885 - INFO - create_results -    Results saved as xlsx for district_heat_bus
2022-06-11 19:18:56,813 - INFO - create_results -    Successfully prepared results...
2022-06-11 19:18:56,814 - INFO - Spreadsheet_Energy_System_Model_Generator - 	 --------------------------------------------------------
2022-06-11 19:18:56,814 - INFO - Spreadsheet_Energy_System_Model_Generator - 	 Modelling and optimization successfully completed!
