******************************************************
2022-06-11 20:11:14,932 - INFO - logger - Path for logging: results/scenario_v0.3.0_2022-06-11--20-11-14/oemof.log
2022-06-11 20:11:18,698 - INFO - create_energy_system - 	 Spreadsheet scenario successfully imported.
2022-06-11 20:11:19,996 - INFO - create_energy_system - Date time index successfully defined:
 start date:          2012-01-01 00:00:00,
 end date:            2012-01-18 23:00:00,
 temporal resolution: h
2022-06-11 20:11:19,997 - INFO - create_objects -    Bus created: ID_electricity_bus
2022-06-11 20:11:19,998 - INFO - create_objects -    Bus created: ID_heat_bus
2022-06-11 20:11:19,998 - INFO - create_objects -    Bus created: ID_gas_bus
2022-06-11 20:11:19,999 - INFO - create_objects -    Bus created: ID_cooling_bus
2022-06-11 20:11:19,999 - INFO - create_objects -    Bus created: ID_pv_bus
2022-06-11 20:11:20,000 - INFO - create_objects -    Bus created: ID_hp_electricity_bus
2022-06-11 20:11:20,000 - INFO - create_objects -    Bus created: district_chp_electricity_bus
2022-06-11 20:11:20,001 - INFO - create_objects -    Bus created: district_gas_bus
2022-06-11 20:11:20,002 - INFO - create_objects -    Bus created: district_heat_bus
2022-06-11 20:11:20,005 - INFO - create_objects -    Transformer created: ID_gasheating_transformer
2022-06-11 20:11:20,006 - INFO - create_objects -    Link created: ID_pv_to_ID_electricity_link
2022-06-11 20:11:20,007 - INFO - create_objects -    Storage created: ID_battery_storage
2022-06-11 20:11:20,009 - INFO - create_objects -    Sink created: ID_electricity_sink
2022-06-11 20:11:20,010 - INFO - create_objects -    Link created: ID_electricity_to_ID_hp_electricity_bus
2022-06-11 20:11:20,012 - INFO - create_objects -    Storage created: ID_thermal_storage
2022-06-11 20:11:20,022 - INFO - create_objects -    Sink created: ID_heat_sink
2022-06-11 20:11:20,024 - INFO - create_objects -    Sink created: ID_cooling_sink
2022-06-11 20:11:20,030 - INFO - create_objects -    Bus created: ID_GCHP_transformer_low_temp_bus
2022-06-11 20:11:20,031 - INFO - create_objects -    Heat Source created: ID_GCHP_transformer_low_temp_source
2022-06-11 20:11:20,032 - INFO - create_objects -    ID_GCHP_transformer, Average Coefficient of Performance (COP): 4.32
2022-06-11 20:11:20,034 - INFO - create_objects -    Transformer created: ID_GCHP_transformer
2022-06-11 20:11:20,034 - INFO - create_objects -    Bus created: ID_ASCH_transformer_high_temp_bus
2022-06-11 20:11:20,034 - INFO - create_objects -    Heat Source created: ID_ASCH_transformer_high_temp_source
2022-06-11 20:11:20,035 - INFO - create_objects -    ID_ASCH_transformer, Average Coefficient of Performance (COP): 7.88
2022-06-11 20:11:20,037 - INFO - create_objects -    Transformer created: ID_ASCH_transformer
2022-06-11 20:11:20,041 - INFO - create_objects -    Bus created: ID_AbsCH_transformer_high_temp_bus
2022-06-11 20:11:20,044 - INFO - create_objects -    ID_AbsCH_transformer, Average Coefficient of Performance (COP): 0.80
2022-06-11 20:11:20,045 - INFO - create_objects -    Heat Source created:ID_AbsCH_transformer_high_temp_source
2022-06-11 20:11:20,045 - INFO - create_objects -    Transformer created: ID_AbsCH_transformer
2022-06-11 20:11:20,045 - INFO - create_objects -    Bus created: ID_ASHP_transformer_low_temp_bus
2022-06-11 20:11:20,046 - INFO - create_objects -    Heat Source created: ID_ASHP_transformer_low_temp_source
2022-06-11 20:11:20,046 - INFO - create_objects -    ID_ASHP_transformer, Average Coefficient of Performance (COP): 2.70
2022-06-11 20:11:20,048 - INFO - create_objects -    Transformer created: ID_ASHP_transformer
2022-06-11 20:11:20,049 - INFO - create_objects -    Transformer created: ID_chp_transformer
2022-06-11 20:11:20,139 - INFO - district_heating - 	 Connected ID to district heating network
2022-06-11 20:11:20,158 - INFO - district_heating - 	 Connected district_heat_bus to district heating network
2022-06-11 20:11:20,165 - DEBUG - _tools - os.makedirs('results/scenario_v0.3.0_2022-06-11--20-11-14')
2022-06-11 20:11:20,165 - DEBUG - saving - write lines to 'results/scenario_v0.3.0_2022-06-11--20-11-14/graph.gv'
2022-06-11 20:11:20,166 - DEBUG - execute - run [PosixPath('dot'), '-Kdot', '-Tpng', '-O', 'graph.gv']
2022-06-11 20:11:20,658 - INFO - optimize_model -    *********************************************************
2022-06-11 20:11:20,659 - INFO - optimize_model -    Create Energy System...
