******************************************************
2022-06-11 19:53:30,756 - INFO - logger - Path for logging: results/scenario_v0.3.0_2022-06-11--19-53-30/oemof.log
2022-06-11 19:53:33,475 - INFO - create_energy_system - 	 Spreadsheet scenario successfully imported.
2022-06-11 19:53:34,876 - INFO - create_energy_system - Date time index successfully defined:
 start date:          2012-01-01 00:00:00,
 end date:            2012-01-18 23:00:00,
 temporal resolution: h
2022-06-11 19:53:34,877 - INFO - create_objects -    Bus created: ID_electricity_bus
2022-06-11 19:53:34,878 - INFO - create_objects -    Bus created: ID_heat_bus
2022-06-11 19:53:34,878 - INFO - create_objects -    Bus created: ID_gas_bus
2022-06-11 19:53:34,879 - INFO - create_objects -    Bus created: ID_cooling_bus
2022-06-11 19:53:34,879 - INFO - create_objects -    Bus created: ID_pv_bus
2022-06-11 19:53:34,880 - INFO - create_objects -    Bus created: ID_hp_electricity_bus
2022-06-11 19:53:34,880 - INFO - create_objects -    Bus created: district_chp_electricity_bus
2022-06-11 19:53:34,881 - INFO - create_objects -    Bus created: district_gas_bus
2022-06-11 19:53:34,881 - INFO - create_objects -    Bus created: district_heat_bus
2022-06-11 19:53:34,886 - INFO - create_objects -    Storage created: ID_battery_storage
2022-06-11 19:53:34,887 - INFO - create_objects -    Link created: ID_pv_to_ID_electricity_link
2022-06-11 19:53:34,888 - INFO - create_objects -    Storage created: ID_thermal_storage
2022-06-11 19:53:34,889 - INFO - create_objects -    Transformer created: ID_gasheating_transformer
2022-06-11 19:53:34,891 - INFO - create_objects -    Sink created: ID_electricity_sink
2022-06-11 19:53:34,891 - INFO - create_objects -    Link created: ID_electricity_to_ID_hp_electricity_bus
2022-06-11 19:53:34,902 - INFO - create_objects -    Sink created: ID_heat_sink
2022-06-11 19:53:34,905 - INFO - create_objects -    Sink created: ID_cooling_sink
2022-06-11 19:53:34,923 - INFO - create_objects -    Bus created: ID_GCHP_transformer_low_temp_bus
2022-06-11 19:53:34,923 - INFO - create_objects -    Heat Source created: ID_GCHP_transformer_low_temp_source
2022-06-11 19:53:34,924 - INFO - create_objects -    ID_GCHP_transformer, Average Coefficient of Performance (COP): 4.32
2022-06-11 19:53:34,927 - INFO - create_objects -    Transformer created: ID_GCHP_transformer
2022-06-11 19:53:34,927 - INFO - create_objects -    Bus created: ID_ASCH_transformer_high_temp_bus
2022-06-11 19:53:34,927 - INFO - create_objects -    Heat Source created: ID_ASCH_transformer_high_temp_source
2022-06-11 19:53:34,928 - INFO - create_objects -    ID_ASCH_transformer, Average Coefficient of Performance (COP): 7.88
2022-06-11 19:53:34,931 - INFO - create_objects -    Transformer created: ID_ASCH_transformer
2022-06-11 19:53:34,934 - INFO - create_objects -    Bus created: ID_AbsCH_transformer_high_temp_bus
2022-06-11 19:53:34,938 - INFO - create_objects -    ID_AbsCH_transformer, Average Coefficient of Performance (COP): 0.80
2022-06-11 19:53:34,941 - INFO - create_objects -    Heat Source created:ID_AbsCH_transformer_high_temp_source
2022-06-11 19:53:34,941 - INFO - create_objects -    Transformer created: ID_AbsCH_transformer
2022-06-11 19:53:34,942 - INFO - create_objects -    Bus created: ID_ASHP_transformer_low_temp_bus
2022-06-11 19:53:34,942 - INFO - create_objects -    Heat Source created: ID_ASHP_transformer_low_temp_source
2022-06-11 19:53:34,943 - INFO - create_objects -    ID_ASHP_transformer, Average Coefficient of Performance (COP): 2.70
2022-06-11 19:53:34,946 - INFO - create_objects -    Transformer created: ID_ASHP_transformer
2022-06-11 19:53:34,946 - INFO - create_objects -    Transformer created: ID_chp_transformer
2022-06-11 19:53:35,035 - INFO - Source - 	 Source created: ID_photovoltaic_electricity_source
2022-06-11 19:53:36,041 - INFO - district_heating - 	 Connected ID to district heating network
2022-06-11 19:53:36,069 - INFO - district_heating - 	 Connected district_heat_bus to district heating network
2022-06-11 19:53:36,077 - DEBUG - _tools - os.makedirs('results/scenario_v0.3.0_2022-06-11--19-53-30')
2022-06-11 19:53:36,078 - DEBUG - saving - write lines to 'results/scenario_v0.3.0_2022-06-11--19-53-30/graph.gv'
2022-06-11 19:53:36,079 - DEBUG - execute - run [PosixPath('dot'), '-Kdot', '-Tpng', '-O', 'graph.gv']
2022-06-11 19:53:37,253 - INFO - optimize_model -    *********************************************************
2022-06-11 19:53:37,255 - INFO - optimize_model -    Create Energy System...
2022-06-11 19:53:37,398 - ERROR - block - Constructing component 'Bus.balance_build' from data=None failed:
KeyError: 'Index \'("<oemof.solph.network.source.Source: \'ID_photovoltaic_electricity_source\'>", "<oemof.solph.network.bus.Bus: \'ID_pv_bus\'>", 0)\' is not valid for indexed component \'flow\''
