******************************************************
2020-02-28 09:28:17,390 - INFO - logger - Path for logging: C:/Users/klemm/Documents/Python Scripts/Spreadsheet_Energy_System_Model_Generator/results\oemof.log
2020-02-28 09:28:17,390 - INFO - logger - Used oemof version: 512a3290@master
2020-02-28 09:28:19,208 - INFO - create_energy_system - Date time index successfully defined:
 start date:          2012-01-01 00:00:00,
 end date:            2012-01-01 23:00:00,
 temporal resolution: h
2020-02-28 09:28:19,209 - INFO - create_objects -    Bus created: bus001_electricity_bus
2020-02-28 09:28:19,211 - INFO - create_objects -    Bus created: bus002_electricity_bus
2020-02-28 09:28:21,393 - INFO - utils - NumExpr defaulting to 4 threads.
2020-02-28 09:28:22,382 - INFO - create_objects -    Source created: pv001_electricity_source
2020-02-28 09:28:24,862 - INFO - create_objects -    Sink created: demand001_electricity_sink
2020-02-28 09:29:01,384 - INFO - create_objects -    Sink created: demand002_electricity_sink
2020-02-28 09:29:01,386 - INFO - create_objects -    Transformer created: tr001_electricity_transformer
2020-02-28 09:29:01,388 - INFO - create_objects -    Storage created: battery001_electricity_storage
2020-02-28 09:29:01,390 - INFO - create_objects -    Link created: pl001_electrcity_link
2020-02-28 09:29:01,391 - INFO - optimize_model -    *********************************************************
2020-02-28 09:29:01,392 - INFO - optimize_model -    Starting Optimization...
2020-02-28 09:29:02,690 - INFO - models - Optimization successful...
2020-02-28 09:29:02,846 - INFO - create_results -    Results saved as xlsx for bus001_electricity_bus
2020-02-28 09:29:02,893 - INFO - create_results -    Results saved as xlsx for bus002_electricity_bus
2020-02-28 09:29:03,049 - INFO - create_results -    *********************************************************
2020-02-28 09:29:03,065 - INFO - create_results -    ***SINKS*************************************************
2020-02-28 09:29:03,065 - INFO - create_results -    *********************************************************
2020-02-28 09:29:03,065 - INFO - create_results -    --------------------------------------------------------
2020-02-28 09:29:03,065 - INFO - create_results -    demand001_electricity_sink
2020-02-28 09:29:03,065 - INFO - create_results -    Total Energy Demand: 13.41 kWh
2020-02-28 09:29:03,065 - INFO - create_results -    --------------------------------------------------------
2020-02-28 09:29:03,065 - INFO - create_results -    demand002_electricity_sink
2020-02-28 09:29:03,065 - INFO - create_results -    Total Energy Demand: 9.94 kWh
2020-02-28 09:29:03,065 - INFO - create_results -    --------------------------------------------------------
2020-02-28 09:29:03,080 - INFO - create_results -    bus002_electricity_bus_excess
2020-02-28 09:29:03,080 - INFO - create_results -    Total Energy Input: 0.0 kWh
2020-02-28 09:29:03,080 - INFO - create_results -    Max. Capacity: 0.0 kW
2020-02-28 09:29:03,080 - INFO - create_results -    Variable Costs: 0.0 cost units
2020-02-28 09:29:03,080 - INFO - create_results -    --------------------------------------------------------
2020-02-28 09:29:03,080 - INFO - create_results -    *********************************************************
2020-02-28 09:29:03,080 - INFO - create_results -    ***SOURCES***********************************************
2020-02-28 09:29:03,080 - INFO - create_results -    *********************************************************
2020-02-28 09:29:03,080 - INFO - create_results -    --------------------------------------------------------CAPACITY ÜBERPRÜFEN, INSB. BEI PV MUSS PEAK POWER BERÜCKSICTIGT WERDEN.
2020-02-28 09:29:03,080 - INFO - create_results -    pv001_electricity_source
2020-02-28 09:29:03,080 - INFO - create_results -    Total Energy Input: 0.0 kWh
2020-02-28 09:29:03,096 - INFO - create_results -    Max. Capacity: 0.0 kW
2020-02-28 09:29:03,096 - INFO - create_results -    Investment Capacity: 0.0 kW
2020-02-28 09:29:03,096 - INFO - create_results -    Variable costs: 0.0 cost units
2020-02-28 09:29:03,096 - INFO - create_results -    Periodical costs: 0 cost units p.a.
2020-02-28 09:29:03,096 - INFO - create_results -    --------------------------------------------------------
2020-02-28 09:29:03,096 - INFO - create_results -    bus001_electricity_bus_shortage
2020-02-28 09:29:03,096 - INFO - create_results -    Total Energy Input: 23.35 kWh
2020-02-28 09:29:03,096 - INFO - create_results -    Max. Capacity: 3.83 kW
2020-02-28 09:29:03,096 - INFO - create_results -    Variable Costs: 0.23 cost units
2020-02-28 09:29:03,096 - INFO - create_results -    --------------------------------------------------------
2020-02-28 09:29:03,096 - INFO - create_results -    *********************************************************
2020-02-28 09:29:03,096 - INFO - create_results -    ***TRANSFORMERS******************************************
2020-02-28 09:29:03,111 - INFO - create_results -    *********************************************************
2020-02-28 09:29:03,111 - INFO - create_results -    --------------------------------------------------------CAPACITY BEI MEHREREN AUSGÄNGEN PRÜFEN
2020-02-28 09:29:03,111 - INFO - create_results -    tr001_electricity_transformer
2020-02-28 09:29:03,111 - INFO - create_results -    Total Energy Output to bus001_electricity_bus: 0.0 kWh
2020-02-28 09:29:03,111 - INFO - create_results -    Max. Capacity: -0.0 kW
2020-02-28 09:29:03,111 - INFO - create_results -    Variable Costs: 0.0 cost units
2020-02-28 09:29:03,111 - INFO - create_results -    Investment Capacity: 0.0 kW
2020-02-28 09:29:03,111 - INFO - create_results -    Periodical costs (p.a.): 0 cost units p.a.
2020-02-28 09:29:03,111 - INFO - create_results -    --------------------------------------------------------
2020-02-28 09:29:03,127 - INFO - create_results -    *********************************************************
2020-02-28 09:29:03,127 - INFO - create_results -    ***STORAGES**********************************************
2020-02-28 09:29:03,127 - INFO - create_results -    *********************************************************
2020-02-28 09:29:03,127 - INFO - create_results -    --------------------------------------------------------
2020-02-28 09:29:03,127 - INFO - create_results -    battery001_electricity_storage
2020-02-28 09:29:03,127 - INFO - create_results -    Energy Output from battery001_electricity_storage: 0.0 kWh
2020-02-28 09:29:03,127 - INFO - create_results -    Energy Input to battery001_electricity_storage: 0.0 kWh
2020-02-28 09:29:03,127 - INFO - create_results -    Max. Capacity: 0.0 kW
2020-02-28 09:29:03,143 - INFO - create_results -    Total variable costs for: 0.0 cost units
2020-02-28 09:29:03,143 - INFO - create_results -    Investment Capacity: 0.0 kW
2020-02-28 09:29:03,143 - INFO - create_results -    Periodical costs (p.a.): 0 cost units p.a.
2020-02-28 09:29:03,143 - INFO - create_results -    --------------------------------------------------------
2020-02-28 09:29:03,143 - INFO - create_results -    *********************************************************
2020-02-28 09:29:03,143 - INFO - create_results -    ***LINKS********************************************
2020-02-28 09:29:03,143 - INFO - create_results -    *********************************************************
2020-02-28 09:29:03,143 - INFO - create_results -    --------------------------------------------------------
2020-02-28 09:29:03,143 - INFO - create_results -    pl001_electrcity_link
2020-02-28 09:29:03,143 - INFO - create_results -    Total Energy Output to bus002_electricity_bus: 0.0 kWh
2020-02-28 09:29:03,158 - INFO - create_results -    Max. Capacity to bus002_electricity_bus: 0.0 kW
2020-02-28 09:29:03,158 - INFO - create_results -    Variable Costs: 0.0 cost units
2020-02-28 09:29:03,158 - INFO - create_results -    Periodical costs (p.a.): 0 cost units p.a.
2020-02-28 09:29:03,158 - INFO - create_results -    --------------------------------------------------------
2020-02-28 09:29:03,158 - INFO - create_results -    *********************************************************
2020-02-28 09:29:03,158 - INFO - create_results -    ***SUMMARY***********************************************
2020-02-28 09:29:03,158 - INFO - create_results -    *********************************************************
2020-02-28 09:29:03,158 - INFO - create_results -    --------------------------------------------------------
2020-02-28 09:29:03,158 - INFO - create_results -    Total System Costs:             0.2 cost units
2020-02-28 09:29:03,158 - INFO - create_results -    Total Variable Costs:           0.0 cost units
2020-02-28 09:29:03,158 - INFO - create_results -    Total Periodical Costs (p.a.):  0 cost units p.a.
2020-02-28 09:29:03,158 - INFO - create_results -    Total Energy Demand:            23.0 kWh
2020-02-28 09:29:03,158 - INFO - create_results -    Total Energy Usage:             23.0 kWh
2020-02-28 09:29:03,158 - INFO - create_results -    --------------------------------------------------------
2020-02-28 09:29:03,158 - INFO - create_results -    Investments to be made:
2020-02-28 09:29:03,174 - INFO - create_results -    pv001_electricity_source: 0.0 kW
2020-02-28 09:29:03,174 - INFO - create_results -    --------------------------------------------------------
2020-02-28 09:29:03,174 - INFO - create_results -    *********************************************************

2020-02-28 09:29:03,174 - INFO - Spreadsheet_Energy_System_Model_Generator -    Modelling and optimization successfully completed!
