******************************************************
2022-06-11 19:27:15,360 - INFO - logger - Path for logging: results/scenario_v0.3.0_2022-06-11--19-27-15/oemof.log
2022-06-11 19:27:18,045 - INFO - create_energy_system - 	 Spreadsheet scenario successfully imported.
2022-06-11 19:27:19,375 - INFO - create_energy_system - Date time index successfully defined:
 start date:          2012-01-01 00:00:00,
 end date:            2012-01-18 23:00:00,
 temporal resolution: h
2022-06-11 19:27:19,375 - INFO - create_objects -    Bus created: ID_electricity_bus
2022-06-11 19:27:19,376 - INFO - create_objects -    Bus created: ID_heat_bus
2022-06-11 19:27:19,377 - INFO - create_objects -    Bus created: ID_gas_bus
2022-06-11 19:27:19,377 - INFO - create_objects -    Bus created: ID_cooling_bus
2022-06-11 19:27:19,377 - INFO - create_objects -    Bus created: ID_pv_bus
2022-06-11 19:27:19,378 - INFO - create_objects -    Bus created: ID_hp_electricity_bus
2022-06-11 19:27:19,379 - INFO - create_objects -    Bus created: district_chp_electricity_bus
2022-06-11 19:27:19,379 - INFO - create_objects -    Bus created: district_gas_bus
2022-06-11 19:27:19,379 - INFO - create_objects -    Bus created: district_heat_bus
2022-06-11 19:27:19,383 - INFO - create_objects -    Link created: ID_pv_to_ID_electricity_link
2022-06-11 19:27:19,385 - INFO - create_objects -    Transformer created: ID_gasheating_transformer
2022-06-11 19:27:19,385 - INFO - create_objects -    Storage created: ID_battery_storage
2022-06-11 19:27:19,387 - INFO - create_objects -    Sink created: ID_electricity_sink
2022-06-11 19:27:19,388 - INFO - create_objects -    Link created: ID_electricity_to_ID_hp_electricity_bus
2022-06-11 19:27:19,389 - INFO - create_objects -    Storage created: ID_thermal_storage
2022-06-11 19:27:19,398 - INFO - create_objects -    Sink created: ID_heat_sink
2022-06-11 19:27:19,400 - INFO - create_objects -    Sink created: ID_cooling_sink
2022-06-11 19:27:19,417 - INFO - create_objects -    Bus created: ID_GCHP_transformer_low_temp_bus
2022-06-11 19:27:19,417 - INFO - create_objects -    Heat Source created: ID_GCHP_transformer_low_temp_source
2022-06-11 19:27:19,418 - INFO - create_objects -    ID_GCHP_transformer, Average Coefficient of Performance (COP): 4.32
2022-06-11 19:27:19,421 - INFO - create_objects -    Transformer created: ID_GCHP_transformer
2022-06-11 19:27:19,421 - INFO - create_objects -    Bus created: ID_ASCH_transformer_high_temp_bus
2022-06-11 19:27:19,422 - INFO - create_objects -    Heat Source created: ID_ASCH_transformer_high_temp_source
2022-06-11 19:27:19,423 - INFO - create_objects -    ID_ASCH_transformer, Average Coefficient of Performance (COP): 7.88
2022-06-11 19:27:19,425 - INFO - create_objects -    Transformer created: ID_ASCH_transformer
2022-06-11 19:27:19,431 - INFO - create_objects -    Bus created: ID_AbsCH_transformer_high_temp_bus
2022-06-11 19:27:19,435 - INFO - create_objects -    ID_AbsCH_transformer, Average Coefficient of Performance (COP): 0.80
2022-06-11 19:27:19,435 - INFO - create_objects -    Heat Source created:ID_AbsCH_transformer_high_temp_source
2022-06-11 19:27:19,436 - INFO - create_objects -    Transformer created: ID_AbsCH_transformer
2022-06-11 19:27:19,437 - INFO - create_objects -    Bus created: ID_ASHP_transformer_low_temp_bus
2022-06-11 19:27:19,437 - INFO - create_objects -    Heat Source created: ID_ASHP_transformer_low_temp_source
2022-06-11 19:27:19,438 - INFO - create_objects -    ID_ASHP_transformer, Average Coefficient of Performance (COP): 2.70
2022-06-11 19:27:19,440 - INFO - create_objects -    Transformer created: ID_ASHP_transformer
2022-06-11 19:27:19,441 - INFO - create_objects -    Transformer created: ID_chp_transformer
2022-06-11 19:27:19,519 - INFO - Source - 	 Source created: ID_photovoltaic_electricity_source
2022-06-11 19:27:20,210 - INFO - Source - 	 Source created: ID_solar_thermal_source, Max Heat power output per year and m²: 12.32 kWh/(m²a), Irradiance on collector per year and m²: 28.98 kWh/(m²a)
2022-06-11 19:27:20,302 - INFO - district_heating - 	 Connected ID to district heating network
2022-06-11 19:27:20,321 - INFO - district_heating - 	 Connected district_heat_bus to district heating network
2022-06-11 19:27:20,328 - DEBUG - _tools - os.makedirs('results/scenario_v0.3.0_2022-06-11--19-27-15')
2022-06-11 19:27:20,328 - DEBUG - saving - write lines to 'results/scenario_v0.3.0_2022-06-11--19-27-15/graph.gv'
2022-06-11 19:27:20,328 - DEBUG - execute - run [PosixPath('dot'), '-Kdot', '-Tpng', '-O', 'graph.gv']
2022-06-11 19:27:20,761 - INFO - optimize_model -    *********************************************************
2022-06-11 19:27:20,762 - INFO - optimize_model -    Create Energy System...
2022-06-11 19:27:22,269 - INFO - optimize_model -    *********************************************************
2022-06-11 19:27:22,270 - INFO - optimize_model -    Starting Optimization with gurobi-Solver
2022-06-11 19:27:24,172 - INFO - models - Optimization successful...
2022-06-11 19:27:24,274 - INFO - optimize_model - 	 Memory Usage during processing:[397.25]
2022-06-11 19:27:25,154 - INFO - create_results -    Results saved as xlsx for ID_electricity_bus
2022-06-11 19:27:25,307 - INFO - create_results -    Results saved as xlsx for ID_heat_bus
2022-06-11 19:27:25,374 - INFO - create_results -    Results saved as xlsx for ID_gas_bus
2022-06-11 19:27:25,482 - INFO - create_results -    Results saved as xlsx for ID_cooling_bus
2022-06-11 19:27:25,581 - INFO - create_results -    Results saved as xlsx for ID_pv_bus
2022-06-11 19:27:25,746 - INFO - create_results -    Results saved as xlsx for ID_hp_electricity_bus
2022-06-11 19:27:25,858 - INFO - create_results -    Results saved as xlsx for district_chp_electricity_bus
2022-06-11 19:27:25,954 - INFO - create_results -    Results saved as xlsx for district_gas_bus
2022-06-11 19:27:26,079 - INFO - create_results -    Results saved as xlsx for district_heat_bus
2022-06-11 19:27:28,333 - INFO - create_results -    Successfully prepared results...
2022-06-11 19:27:28,333 - INFO - Spreadsheet_Energy_System_Model_Generator - 	 --------------------------------------------------------
2022-06-11 19:27:28,333 - INFO - Spreadsheet_Energy_System_Model_Generator - 	 Modelling and optimization successfully completed!
