******************************************************
2022-06-11 19:55:54,808 - INFO - logger - Path for logging: results/scenario_v0.3.0_2022-06-11--19-55-54/oemof.log
2022-06-11 19:55:58,642 - INFO - create_energy_system - 	 Spreadsheet scenario successfully imported.
2022-06-11 19:55:59,955 - INFO - create_energy_system - Date time index successfully defined:
 start date:          2012-01-01 00:00:00,
 end date:            2012-01-18 23:00:00,
 temporal resolution: h
2022-06-11 19:55:59,956 - INFO - create_objects -    Bus created: ID_electricity_bus
2022-06-11 19:55:59,956 - INFO - create_objects -    Bus created: ID_heat_bus
2022-06-11 19:55:59,957 - INFO - create_objects -    Bus created: ID_gas_bus
2022-06-11 19:55:59,957 - INFO - create_objects -    Bus created: ID_cooling_bus
2022-06-11 19:55:59,957 - INFO - create_objects -    Bus created: ID_pv_bus
2022-06-11 19:55:59,958 - INFO - create_objects -    Bus created: ID_hp_electricity_bus
2022-06-11 19:55:59,958 - INFO - create_objects -    Bus created: district_chp_electricity_bus
2022-06-11 19:55:59,959 - INFO - create_objects -    Bus created: district_gas_bus
2022-06-11 19:55:59,959 - INFO - create_objects -    Bus created: district_heat_bus
2022-06-11 19:55:59,963 - INFO - create_objects -    Sink created: ID_electricity_sink
2022-06-11 19:55:59,965 - INFO - create_objects -    Link created: ID_pv_to_ID_electricity_link
2022-06-11 19:55:59,966 - INFO - create_objects -    Storage created: ID_battery_storage
2022-06-11 19:55:59,966 - INFO - create_objects -    Transformer created: ID_gasheating_transformer
2022-06-11 19:55:59,974 - INFO - create_objects -    Sink created: ID_heat_sink
2022-06-11 19:55:59,976 - INFO - create_objects -    Link created: ID_electricity_to_ID_hp_electricity_bus
2022-06-11 19:55:59,976 - INFO - create_objects -    Storage created: ID_thermal_storage
2022-06-11 19:55:59,978 - INFO - create_objects -    Sink created: ID_cooling_sink
2022-06-11 19:55:59,996 - INFO - create_objects -    Bus created: ID_GCHP_transformer_low_temp_bus
2022-06-11 19:55:59,997 - INFO - create_objects -    Heat Source created: ID_GCHP_transformer_low_temp_source
2022-06-11 19:55:59,998 - INFO - create_objects -    ID_GCHP_transformer, Average Coefficient of Performance (COP): 4.32
2022-06-11 19:56:00,000 - INFO - create_objects -    Transformer created: ID_GCHP_transformer
2022-06-11 19:56:00,000 - INFO - create_objects -    Bus created: ID_ASCH_transformer_high_temp_bus
2022-06-11 19:56:00,001 - INFO - create_objects -    Heat Source created: ID_ASCH_transformer_high_temp_source
2022-06-11 19:56:00,001 - INFO - create_objects -    ID_ASCH_transformer, Average Coefficient of Performance (COP): 7.88
2022-06-11 19:56:00,004 - INFO - create_objects -    Transformer created: ID_ASCH_transformer
2022-06-11 19:56:00,008 - INFO - create_objects -    Bus created: ID_AbsCH_transformer_high_temp_bus
2022-06-11 19:56:00,012 - INFO - create_objects -    ID_AbsCH_transformer, Average Coefficient of Performance (COP): 0.80
2022-06-11 19:56:00,015 - INFO - create_objects -    Heat Source created:ID_AbsCH_transformer_high_temp_source
2022-06-11 19:56:00,016 - INFO - create_objects -    Transformer created: ID_AbsCH_transformer
2022-06-11 19:56:00,016 - INFO - create_objects -    Bus created: ID_ASHP_transformer_low_temp_bus
2022-06-11 19:56:00,017 - INFO - create_objects -    Heat Source created: ID_ASHP_transformer_low_temp_source
2022-06-11 19:56:00,017 - INFO - create_objects -    ID_ASHP_transformer, Average Coefficient of Performance (COP): 2.70
2022-06-11 19:56:00,020 - INFO - create_objects -    Transformer created: ID_ASHP_transformer
2022-06-11 19:56:00,021 - INFO - create_objects -    Transformer created: ID_chp_transformer
2022-06-11 19:56:00,096 - INFO - Source - 	 Source created: ID_photovoltaic_electricity_source
2022-06-11 19:56:00,787 - INFO - Source - 	 Source created: ID_solar_thermal_source
2022-06-11 19:56:00,788 - INFO - Source - 	 Source created: ID_solar_thermal_source, Max Heat power output per year and m²: 12.32 kWh/(m²a), Irradiance on collector per year and m²: 28.98 kWh/(m²a)
2022-06-11 19:56:00,817 - DEBUG - modelchain - Calculating wind speed using logarithmic wind profile.
2022-06-11 19:56:00,821 - DEBUG - modelchain - Calculating power output using power curve.
2022-06-11 19:56:00,822 - INFO - Source - 	 Source created: wind_turbine
2022-06-11 19:56:00,909 - INFO - district_heating - 	 Connected ID to district heating network
2022-06-11 19:56:00,933 - INFO - district_heating - 	 Connected district_heat_bus to district heating network
2022-06-11 19:56:00,942 - DEBUG - _tools - os.makedirs('results/scenario_v0.3.0_2022-06-11--19-55-54')
2022-06-11 19:56:00,942 - DEBUG - saving - write lines to 'results/scenario_v0.3.0_2022-06-11--19-55-54/graph.gv'
2022-06-11 19:56:00,943 - DEBUG - execute - run [PosixPath('dot'), '-Kdot', '-Tpng', '-O', 'graph.gv']
2022-06-11 19:56:01,415 - INFO - optimize_model -    *********************************************************
2022-06-11 19:56:01,416 - INFO - optimize_model -    Create Energy System...
2022-06-11 19:56:02,944 - INFO - optimize_model -    *********************************************************
2022-06-11 19:56:02,944 - INFO - optimize_model -    Starting Optimization with gurobi-Solver
2022-06-11 19:56:04,915 - INFO - models - Optimization successful...
2022-06-11 19:56:05,017 - INFO - optimize_model - 	 Memory Usage during processing:[397.93359375]
2022-06-11 19:56:05,832 - INFO - create_results -    Results saved as xlsx for ID_electricity_bus
2022-06-11 19:56:05,940 - INFO - create_results -    Results saved as xlsx for ID_heat_bus
2022-06-11 19:56:06,002 - INFO - create_results -    Results saved as xlsx for ID_gas_bus
2022-06-11 19:56:06,082 - INFO - create_results -    Results saved as xlsx for ID_cooling_bus
2022-06-11 19:56:06,156 - INFO - create_results -    Results saved as xlsx for ID_pv_bus
2022-06-11 19:56:06,252 - INFO - create_results -    Results saved as xlsx for ID_hp_electricity_bus
2022-06-11 19:56:06,316 - INFO - create_results -    Results saved as xlsx for district_chp_electricity_bus
2022-06-11 19:56:06,379 - INFO - create_results -    Results saved as xlsx for district_gas_bus
2022-06-11 19:56:06,437 - INFO - create_results -    Results saved as xlsx for district_heat_bus
2022-06-11 19:56:07,432 - INFO - create_results -    Successfully prepared results...
2022-06-11 19:56:07,433 - INFO - Spreadsheet_Energy_System_Model_Generator - 	 --------------------------------------------------------
2022-06-11 19:56:07,433 - INFO - Spreadsheet_Energy_System_Model_Generator - 	 Modelling and optimization successfully completed!
