******************************************************
2022-06-11 19:44:56,180 - INFO - logger - Path for logging: results/scenario_v0.3.0_2022-06-11--19-44-56/oemof.log
2022-06-11 19:44:59,095 - INFO - create_energy_system - 	 Spreadsheet scenario successfully imported.
2022-06-11 19:45:01,444 - INFO - create_energy_system - Date time index successfully defined:
 start date:          2012-01-01 00:00:00,
 end date:            2012-01-18 23:00:00,
 temporal resolution: h
2022-06-11 19:45:01,445 - INFO - create_objects -    Bus created: ID_electricity_bus
2022-06-11 19:45:01,446 - INFO - create_objects -    Bus created: ID_heat_bus
2022-06-11 19:45:01,446 - INFO - create_objects -    Bus created: ID_gas_bus
2022-06-11 19:45:01,447 - INFO - create_objects -    Bus created: ID_cooling_bus
2022-06-11 19:45:01,447 - INFO - create_objects -    Bus created: ID_pv_bus
2022-06-11 19:45:01,448 - INFO - create_objects -    Bus created: ID_hp_electricity_bus
2022-06-11 19:45:01,448 - INFO - create_objects -    Bus created: district_chp_electricity_bus
2022-06-11 19:45:01,449 - INFO - create_objects -    Bus created: district_gas_bus
2022-06-11 19:45:01,449 - INFO - create_objects -    Bus created: district_heat_bus
2022-06-11 19:45:01,453 - INFO - create_objects -    Sink created: ID_electricity_sink
2022-06-11 19:45:01,461 - INFO - create_objects -    Transformer created: ID_gasheating_transformer
2022-06-11 19:45:01,462 - INFO - create_objects -    Link created: ID_pv_to_ID_electricity_link
2022-06-11 19:45:01,465 - INFO - create_objects -    Sink created: ID_heat_sink
2022-06-11 19:45:01,466 - INFO - create_objects -    Storage created: ID_battery_storage
2022-06-11 19:45:01,468 - INFO - create_objects -    Link created: ID_electricity_to_ID_hp_electricity_bus
2022-06-11 19:45:01,469 - INFO - create_objects -    Sink created: ID_cooling_sink
2022-06-11 19:45:01,469 - INFO - create_objects -    Storage created: ID_thermal_storage
2022-06-11 19:45:01,489 - INFO - create_objects -    Bus created: ID_GCHP_transformer_low_temp_bus
2022-06-11 19:45:01,489 - INFO - create_objects -    Heat Source created: ID_GCHP_transformer_low_temp_source
2022-06-11 19:45:01,490 - INFO - create_objects -    ID_GCHP_transformer, Average Coefficient of Performance (COP): 4.32
2022-06-11 19:45:01,493 - INFO - create_objects -    Transformer created: ID_GCHP_transformer
2022-06-11 19:45:01,493 - INFO - create_objects -    Bus created: ID_ASCH_transformer_high_temp_bus
2022-06-11 19:45:01,493 - INFO - create_objects -    Heat Source created: ID_ASCH_transformer_high_temp_source
2022-06-11 19:45:01,494 - INFO - create_objects -    ID_ASCH_transformer, Average Coefficient of Performance (COP): 7.88
2022-06-11 19:45:01,498 - INFO - create_objects -    Transformer created: ID_ASCH_transformer
2022-06-11 19:45:01,503 - INFO - create_objects -    Bus created: ID_AbsCH_transformer_high_temp_bus
2022-06-11 19:45:01,509 - INFO - create_objects -    ID_AbsCH_transformer, Average Coefficient of Performance (COP): 0.80
2022-06-11 19:45:01,509 - INFO - create_objects -    Heat Source created:ID_AbsCH_transformer_high_temp_source
2022-06-11 19:45:01,510 - INFO - create_objects -    Transformer created: ID_AbsCH_transformer
2022-06-11 19:45:01,510 - INFO - create_objects -    Bus created: ID_ASHP_transformer_low_temp_bus
2022-06-11 19:45:01,510 - INFO - create_objects -    Heat Source created: ID_ASHP_transformer_low_temp_source
2022-06-11 19:45:01,511 - INFO - create_objects -    ID_ASHP_transformer, Average Coefficient of Performance (COP): 2.70
2022-06-11 19:45:01,514 - INFO - create_objects -    Transformer created: ID_ASHP_transformer
2022-06-11 19:45:01,515 - INFO - create_objects -    Transformer created: ID_chp_transformer
2022-06-11 19:45:01,600 - INFO - Source - 	 Source created: ID_photovoltaic_electricity_source
2022-06-11 19:45:01,716 - INFO - district_heating - 	 Connected ID to district heating network
2022-06-11 19:45:01,753 - INFO - district_heating - 	 Connected district_heat_bus to district heating network
2022-06-11 19:45:01,764 - DEBUG - _tools - os.makedirs('results/scenario_v0.3.0_2022-06-11--19-44-56')
2022-06-11 19:45:01,765 - DEBUG - saving - write lines to 'results/scenario_v0.3.0_2022-06-11--19-44-56/graph.gv'
2022-06-11 19:45:01,766 - DEBUG - execute - run [PosixPath('dot'), '-Kdot', '-Tpng', '-O', 'graph.gv']
2022-06-11 19:45:02,419 - INFO - optimize_model -    *********************************************************
2022-06-11 19:45:02,421 - INFO - optimize_model -    Create Energy System...
2022-06-11 19:45:02,534 - ERROR - block - Constructing component 'Bus.balance_build' from data=None failed:
KeyError: 'Index \'("<oemof.solph.network.source.Source: \'ID_photovoltaic_electricity_source\'>", "<oemof.solph.network.bus.Bus: \'ID_pv_bus\'>", 0)\' is not valid for indexed component \'flow\''
