******************************************************
2022-06-11 20:48:25,960 - INFO - logger - Path for logging: results/scenario_v0.3.0_2022-06-11--20-48-25/oemof.log
2022-06-11 20:48:29,648 - INFO - create_energy_system - 	 Spreadsheet scenario successfully imported.
2022-06-11 20:48:30,949 - INFO - create_energy_system - Date time index successfully defined:
 start date:          2012-01-01 00:00:00,
 end date:            2012-01-18 23:00:00,
 temporal resolution: h
2022-06-11 20:48:30,949 - INFO - create_objects -    Bus created: ID_electricity_bus
2022-06-11 20:48:30,950 - INFO - create_objects -    Bus created: ID_heat_bus
2022-06-11 20:48:30,950 - INFO - create_objects -    Bus created: ID_gas_bus
2022-06-11 20:48:30,951 - INFO - create_objects -    Bus created: ID_cooling_bus
2022-06-11 20:48:30,951 - INFO - create_objects -    Bus created: ID_pv_bus
2022-06-11 20:48:30,952 - INFO - create_objects -    Bus created: ID_hp_electricity_bus
2022-06-11 20:48:30,952 - INFO - create_objects -    Bus created: district_chp_electricity_bus
2022-06-11 20:48:30,952 - INFO - create_objects -    Bus created: district_gas_bus
2022-06-11 20:48:30,953 - INFO - create_objects -    Bus created: district_heat_bus
2022-06-11 20:48:30,956 - INFO - create_objects -    Sink created: ID_electricity_sink
2022-06-11 20:48:30,957 - INFO - create_objects -    Transformer created: ID_gasheating_transformer
2022-06-11 20:48:30,958 - INFO - create_objects -    Link created: ID_pv_to_ID_electricity_link
2022-06-11 20:48:30,959 - INFO - create_objects -    Storage created: ID_battery_storage
2022-06-11 20:48:30,969 - INFO - create_objects -    Sink created: ID_heat_sink
2022-06-11 20:48:30,971 - INFO - create_objects -    Link created: ID_electricity_to_ID_hp_electricity_bus
2022-06-11 20:48:30,972 - INFO - create_objects -    Storage created: ID_thermal_storage
2022-06-11 20:48:30,973 - INFO - create_objects -    Sink created: ID_cooling_sink
2022-06-11 20:48:30,991 - INFO - create_objects -    Bus created: ID_GCHP_transformer_low_temp_bus
2022-06-11 20:48:30,991 - INFO - create_objects -    Heat Source created: ID_GCHP_transformer_low_temp_source
2022-06-11 20:48:30,992 - INFO - create_objects -    ID_GCHP_transformer, Average Coefficient of Performance (COP): 4.32
2022-06-11 20:48:30,995 - INFO - create_objects -    Transformer created: ID_GCHP_transformer
2022-06-11 20:48:30,995 - INFO - create_objects -    Bus created: ID_ASCH_transformer_high_temp_bus
2022-06-11 20:48:30,995 - INFO - create_objects -    Heat Source created: ID_ASCH_transformer_high_temp_source
2022-06-11 20:48:30,996 - INFO - create_objects -    ID_ASCH_transformer, Average Coefficient of Performance (COP): 7.88
2022-06-11 20:48:30,998 - INFO - create_objects -    Transformer created: ID_ASCH_transformer
2022-06-11 20:48:31,001 - INFO - create_objects -    Bus created: ID_AbsCH_transformer_high_temp_bus
2022-06-11 20:48:31,005 - INFO - create_objects -    ID_AbsCH_transformer, Average Coefficient of Performance (COP): 0.80
2022-06-11 20:48:31,006 - INFO - create_objects -    Heat Source created:ID_AbsCH_transformer_high_temp_source
2022-06-11 20:48:31,006 - INFO - create_objects -    Transformer created: ID_AbsCH_transformer
2022-06-11 20:48:31,007 - INFO - create_objects -    Bus created: ID_ASHP_transformer_low_temp_bus
2022-06-11 20:48:31,007 - INFO - create_objects -    Heat Source created: ID_ASHP_transformer_low_temp_source
2022-06-11 20:48:31,008 - INFO - create_objects -    ID_ASHP_transformer, Average Coefficient of Performance (COP): 2.70
2022-06-11 20:48:31,010 - INFO - create_objects -    Transformer created: ID_ASHP_transformer
2022-06-11 20:48:31,010 - INFO - create_objects -    Transformer created: ID_chp_transformer
2022-06-11 20:48:31,088 - INFO - Source - 	 Source created: ID_photovoltaic_electricity_source
2022-06-11 20:48:31,759 - INFO - Source - 	 Source created: ID_solar_thermal_source
2022-06-11 20:48:31,760 - INFO - Source - 	 Source created: ID_solar_thermal_source, Max Heat power output per year and m²: 12.32 kWh/(m²a), Irradiance on collector per year and m²: 28.98 kWh/(m²a)
2022-06-11 20:48:31,847 - INFO - district_heating - 	 Connected ID to district heating network
2022-06-11 20:48:31,869 - INFO - district_heating - 	 Connected district_heat_bus to district heating network
2022-06-11 20:48:31,876 - DEBUG - _tools - os.makedirs('results/scenario_v0.3.0_2022-06-11--20-48-25')
2022-06-11 20:48:31,876 - DEBUG - saving - write lines to 'results/scenario_v0.3.0_2022-06-11--20-48-25/graph.gv'
2022-06-11 20:48:31,877 - DEBUG - execute - run [PosixPath('dot'), '-Kdot', '-Tpng', '-O', 'graph.gv']
2022-06-11 20:48:32,415 - INFO - optimize_model -    *********************************************************
2022-06-11 20:48:32,417 - INFO - optimize_model -    Create Energy System...
2022-06-11 20:48:34,107 - INFO - optimize_model -    *********************************************************
2022-06-11 20:48:34,107 - INFO - optimize_model -    Starting Optimization with gurobi-Solver
2022-06-11 20:48:36,054 - INFO - models - Optimization successful...
2022-06-11 20:48:36,155 - INFO - optimize_model - 	 Memory Usage during processing:[397.3515625]
2022-06-11 20:48:36,961 - INFO - create_results -    Results saved as xlsx for ID_electricity_bus
2022-06-11 20:48:37,088 - INFO - create_results -    Results saved as xlsx for ID_heat_bus
2022-06-11 20:48:37,154 - INFO - create_results -    Results saved as xlsx for ID_gas_bus
2022-06-11 20:48:37,240 - INFO - create_results -    Results saved as xlsx for ID_cooling_bus
2022-06-11 20:48:37,314 - INFO - create_results -    Results saved as xlsx for ID_pv_bus
2022-06-11 20:48:37,411 - INFO - create_results -    Results saved as xlsx for ID_hp_electricity_bus
2022-06-11 20:48:37,480 - INFO - create_results -    Results saved as xlsx for district_chp_electricity_bus
2022-06-11 20:48:37,561 - INFO - create_results -    Results saved as xlsx for district_gas_bus
2022-06-11 20:48:37,630 - INFO - create_results -    Results saved as xlsx for district_heat_bus
2022-06-11 20:48:38,787 - INFO - create_results -    Successfully prepared results...
2022-06-11 20:48:38,787 - INFO - Spreadsheet_Energy_System_Model_Generator - 	 --------------------------------------------------------
2022-06-11 20:48:38,787 - INFO - Spreadsheet_Energy_System_Model_Generator - 	 Modelling and optimization successfully completed!
